INFO: Starting Program logs at : 20241125_155749
INFO: Starting main
INFO: 2 servers successfully configured
INFO: Server configuration is valid.
INFO: Socket 9 successfully bound to port 8080
INFO: Socket 9 is now listening on port 8080
INFO: Server launched, listening on port: 8080
INFO: Server configuration is valid.
INFO: Socket 10 successfully bound to port 8081
INFO: Socket 10 is now listening on port 8081
INFO: Server launched, listening on port: 8081
INFO: Accepting new Connection on socket FD: 9
INFO: Accepting new Connection on socket FD: 9
INFO: Full request read.
INFO: Returning user: 623c35d4-4c25-44d5-9125-43bbf3f9e47e
INFO: Data set in session: last_access_time = 2024-11-25 15:52:10, 2024-11-25 15:57:52
INFO: Data set in session: requested_pages = /pages/contact.html
INFO: Data set in session: methods = GET
INFO: Data set in session: user_agent = Mozilla/5.0 (Macintosh; Intel Mac OS X 10_15_7) AppleWebKit/537.36 (KHTML, like Gecko) Chrome/131.0.0.0 Safari/537.36
INFO: Parsing OK, handling request for client fd: 11
INFO: Serving static file found at: www/pages/contact.html
INFO: Response fully sent and connection closed for client FD: 11
INFO: Full request read.
INFO: Returning user: 623c35d4-4c25-44d5-9125-43bbf3f9e47e
INFO: Data set in session: last_access_time = 2024-11-25 15:57:52, 2024-11-25 15:57:52
INFO: Data set in session: requested_pages = /css/style_contact.css
INFO: Data set in session: methods = GET
INFO: Data set in session: user_agent = Mozilla/5.0 (Macintosh; Intel Mac OS X 10_15_7) AppleWebKit/537.36 (KHTML, like Gecko) Chrome/131.0.0.0 Safari/537.36
INFO: Parsing OK, handling request for client fd: 12
INFO: Serving static file found at: www/css/style_contact.css
INFO: Response fully sent and connection closed for client FD: 12
INFO: Accepting new Connection on socket FD: 9
INFO: Accepting new Connection on socket FD: 9
INFO: Full request read.
INFO: Returning user: 623c35d4-4c25-44d5-9125-43bbf3f9e47e
INFO: Data set in session: last_access_time = 2024-11-25 15:57:52, 2024-11-25 15:57:59
INFO: Data set in session: requested_pages = /cgi-bin/contact.php
INFO: Data set in session: methods = POST
INFO: Data set in session: user_agent = Mozilla/5.0 (Macintosh; Intel Mac OS X 10_15_7) AppleWebKit/537.36 (KHTML, like Gecko) Chrome/131.0.0.0 Safari/537.36
INFO: Parsing OK, handling request for client fd: 11
INFO: Connection timed out for client FD: 12
INFO: Response fully sent and connection closed for client FD: 12
INFO: Signal received, stopping the server...
