INFO: Starting Program logs at : 20241122_174527
INFO: Starting main
INFO: 2 servers successfully configured
INFO: Server configuration is valid.
INFO: Socket 9 successfully bound to port 8080
INFO: Socket 9 is now listening on port 8080
INFO: Server launched, listening on port: 8080
INFO: Server configuration is valid.
INFO: Socket 10 successfully bound to port 8081
INFO: Socket 10 is now listening on port 8081
INFO: Server launched, listening on port: 8081
INFO: Accepting new Connection on socket FD: 9
INFO: Full request read.
INFO: Session id generated 6337b17d-9172-41a5-87c9-5e3c7274520c
INFO: Data set in session: status = new user
INFO: Data set in session: last_access_time = 2024-11-22 17:45:33
INFO: Data set in session: requested_pages = /
INFO: Data set in session: methods = GET
INFO: Data set in session: user_agent = Mozilla/5.0 (X11; Linux x86_64) AppleWebKit/537.36 (KHTML, like Gecko) Chrome/126.0.0.0 Safari/537.36
INFO: Parsing OK, handling request for client fd: 11
INFO: Request File Path is a directory, searching for an index page...
INFO: Found index page: www//index.html
INFO: Serving static file found at: www//index.html
INFO: Response fully sent and connection closed for client FD: 11
INFO: Accepting new Connection on socket FD: 9
INFO: Accepting new Connection on socket FD: 9
INFO: Accepting new Connection on socket FD: 9
INFO: Accepting new Connection on socket FD: 9
INFO: Full request read.
[ 0 similar lines hidden ]
INFO: Full request read.
INFO: Data set in session: status = existing user
INFO: Returning user: 6337b17d-9172-41a5-87c9-5e3c7274520c
INFO: Data set in session: last_access_time = 2024-11-22 17:45:33, 2024-11-22 17:45:33
INFO: Data set in session: requested_pages = /css/style.css
INFO: Data set in session: methods = GET
INFO: Data set in session: user_agent = Mozilla/5.0 (X11; Linux x86_64) AppleWebKit/537.36 (KHTML, like Gecko) Chrome/126.0.0.0 Safari/537.36
INFO: Parsing OK, handling request for client fd: 11
INFO: Serving static file found at: www/css/style.css
INFO: Returning user: 6337b17d-9172-41a5-87c9-5e3c7274520c
INFO: Data set in session: last_access_time = 2024-11-22 17:45:33, 2024-11-22 17:45:33
INFO: Data set in session: requested_pages = /images/fleur.jpg
INFO: Data set in session: methods = GET
INFO: Data set in session: user_agent = Mozilla/5.0 (X11; Linux x86_64) AppleWebKit/537.36 (KHTML, like Gecko) Chrome/126.0.0.0 Safari/537.36
INFO: Parsing OK, handling request for client fd: 12
INFO: Serving static file found at: www/images/fleur.jpg
INFO: Response fully sent and connection closed for client FD: 11
INFO: Response fully sent and connection closed for client FD: 12
INFO: Full request read.
INFO: Full request read.
INFO: Response fully sent and connection closed for client FD: 13
INFO: Response fully sent and connection closed for client FD: 14
INFO: Accepting new Connection on socket FD: 9
INFO: Accepting new Connection on socket FD: 9
INFO: Full request read.
INFO: Response fully sent and connection closed for client FD: 11
INFO: Full request read.
INFO: Response fully sent and connection closed for client FD: 12
INFO: Accepting new Connection on socket FD: 9
INFO: Full request read.
INFO: Response fully sent and connection closed for client FD: 11
INFO: Accepting new Connection on socket FD: 9
INFO: Full request read.
INFO: Response fully sent and connection closed for client FD: 11
INFO: Accepting new Connection on socket FD: 9
INFO: Full request read.
INFO: Response fully sent and connection closed for client FD: 11
INFO: Accepting new Connection on socket FD: 9
INFO: Full request read.
INFO: Response fully sent and connection closed for client FD: 11
INFO: Accepting new Connection on socket FD: 9
INFO: Full request read.
INFO: Response fully sent and connection closed for client FD: 11
INFO: Accepting new Connection on socket FD: 9
INFO: Full request read.
INFO: Response fully sent and connection closed for client FD: 11
INFO: Accepting new Connection on socket FD: 9
INFO: Full request read.
INFO: Response fully sent and connection closed for client FD: 11
INFO: Accepting new Connection on socket FD: 9
INFO: Full request read.
INFO: Response fully sent and connection closed for client FD: 11
INFO: Accepting new Connection on socket FD: 9
INFO: Full request read.
INFO: Response fully sent and connection closed for client FD: 11
INFO: Accepting new Connection on socket FD: 9
INFO: Full request read.
INFO: Response fully sent and connection closed for client FD: 11
INFO: Accepting new Connection on socket FD: 9
INFO: Full request read.
INFO: Response fully sent and connection closed for client FD: 11
INFO: Accepting new Connection on socket FD: 9
INFO: Full request read.
INFO: Response fully sent and connection closed for client FD: 11
INFO: Accepting new Connection on socket FD: 9
INFO: Full request read.
INFO: Response fully sent and connection closed for client FD: 11
INFO: Accepting new Connection on socket FD: 9
INFO: Full request read.
INFO: Response fully sent and connection closed for client FD: 11
INFO: Accepting new Connection on socket FD: 9
INFO: Accepting new Connection on socket FD: 9
INFO: Full request read.
INFO: Response fully sent and connection closed for client FD: 11
INFO: Full request read.
INFO: Response fully sent and connection closed for client FD: 12
INFO: Accepting new Connection on socket FD: 9
INFO: Full request read.
INFO: Response fully sent and connection closed for client FD: 11
INFO: Accepting new Connection on socket FD: 9
INFO: Full request read.
INFO: Response fully sent and connection closed for client FD: 11
INFO: Accepting new Connection on socket FD: 9
INFO: Full request read.
INFO: Response fully sent and connection closed for client FD: 11
INFO: Accepting new Connection on socket FD: 9
INFO: Full request read.
INFO: Response fully sent and connection closed for client FD: 11
INFO: Accepting new Connection on socket FD: 9
INFO: Full request read.
INFO: Response fully sent and connection closed for client FD: 11
INFO: Accepting new Connection on socket FD: 9
INFO: Full request read.
INFO: Response fully sent and connection closed for client FD: 11
INFO: Accepting new Connection on socket FD: 9
INFO: Accepting new Connection on socket FD: 9
INFO: Full request read.
INFO: Response fully sent and connection closed for client FD: 11
INFO: Full request read.
INFO: Response fully sent and connection closed for client FD: 12
INFO: Accepting new Connection on socket FD: 9
INFO: Full request read.
INFO: Response fully sent and connection closed for client FD: 11
INFO: Accepting new Connection on socket FD: 9
INFO: Full request read.
INFO: Response fully sent and connection closed for client FD: 11
INFO: Accepting new Connection on socket FD: 9
INFO: Accepting new Connection on socket FD: 9
INFO: Full request read.
INFO: Response fully sent and connection closed for client FD: 11
INFO: Full request read.
INFO: Response fully sent and connection closed for client FD: 12
INFO: Accepting new Connection on socket FD: 9
INFO: Full request read.
INFO: Response fully sent and connection closed for client FD: 11
INFO: Accepting new Connection on socket FD: 9
INFO: Full request read.
INFO: Response fully sent and connection closed for client FD: 11
INFO: Accepting new Connection on socket FD: 9
INFO: Full request read.
INFO: Response fully sent and connection closed for client FD: 11
INFO: Accepting new Connection on socket FD: 9
INFO: Full request read.
INFO: Response fully sent and connection closed for client FD: 11
INFO: Accepting new Connection on socket FD: 9
INFO: Full request read.
INFO: Response fully sent and connection closed for client FD: 11
INFO: Accepting new Connection on socket FD: 9
INFO: Full request read.
INFO: Response fully sent and connection closed for client FD: 11
INFO: Accepting new Connection on socket FD: 9
INFO: Accepting new Connection on socket FD: 9
INFO: Full request read.
INFO: Response fully sent and connection closed for client FD: 11
INFO: Full request read.
INFO: Response fully sent and connection closed for client FD: 12
INFO: Accepting new Connection on socket FD: 9
INFO: Full request read.
INFO: Response fully sent and connection closed for client FD: 11
INFO: Accepting new Connection on socket FD: 9
INFO: Full request read.
INFO: Response fully sent and connection closed for client FD: 11
INFO: Accepting new Connection on socket FD: 9
INFO: Full request read.
INFO: Response fully sent and connection closed for client FD: 11
INFO: Accepting new Connection on socket FD: 9
INFO: Full request read.
INFO: Response fully sent and connection closed for client FD: 11
INFO: Accepting new Connection on socket FD: 9
INFO: Full request read.
INFO: Response fully sent and connection closed for client FD: 11
INFO: Accepting new Connection on socket FD: 9
INFO: Full request read.
INFO: Response fully sent and connection closed for client FD: 11
INFO: Accepting new Connection on socket FD: 9
INFO: Full request read.
INFO: Response fully sent and connection closed for client FD: 11
INFO: Accepting new Connection on socket FD: 9
INFO: Full request read.
INFO: Response fully sent and connection closed for client FD: 11
INFO: Accepting new Connection on socket FD: 9
INFO: Accepting new Connection on socket FD: 9
INFO: Full request read.
INFO: Response fully sent and connection closed for client FD: 11
INFO: Full request read.
INFO: Response fully sent and connection closed for client FD: 12
INFO: Accepting new Connection on socket FD: 9
INFO: Full request read.
INFO: Response fully sent and connection closed for client FD: 11
INFO: Accepting new Connection on socket FD: 9
INFO: Full request read.
INFO: Response fully sent and connection closed for client FD: 11
INFO: Accepting new Connection on socket FD: 9
INFO: Accepting new Connection on socket FD: 9
INFO: Full request read.
INFO: Response fully sent and connection closed for client FD: 11
INFO: Full request read.
INFO: Response fully sent and connection closed for client FD: 12
INFO: Accepting new Connection on socket FD: 9
INFO: Full request read.
INFO: Response fully sent and connection closed for client FD: 11
INFO: Accepting new Connection on socket FD: 9
INFO: Full request read.
INFO: Response fully sent and connection closed for client FD: 11
INFO: Accepting new Connection on socket FD: 9
INFO: Accepting new Connection on socket FD: 9
INFO: Full request read.
INFO: Response fully sent and connection closed for client FD: 11
INFO: Full request read.
INFO: Response fully sent and connection closed for client FD: 12
INFO: Accepting new Connection on socket FD: 9
INFO: Full request read.
INFO: Response fully sent and connection closed for client FD: 11
INFO: Accepting new Connection on socket FD: 9
INFO: Full request read.
INFO: Response fully sent and connection closed for client FD: 11
INFO: Accepting new Connection on socket FD: 9
INFO: Full request read.
INFO: Response fully sent and connection closed for client FD: 11
INFO: Accepting new Connection on socket FD: 9
INFO: Full request read.
INFO: Response fully sent and connection closed for client FD: 11
INFO: Accepting new Connection on socket FD: 9
INFO: Full request read.
INFO: Response fully sent and connection closed for client FD: 11
INFO: Accepting new Connection on socket FD: 9
INFO: Full request read.
INFO: Response fully sent and connection closed for client FD: 11
INFO: Accepting new Connection on socket FD: 9
INFO: Accepting new Connection on socket FD: 9
INFO: Full request read.
INFO: Response fully sent and connection closed for client FD: 11
INFO: Full request read.
INFO: Response fully sent and connection closed for client FD: 12
INFO: Accepting new Connection on socket FD: 9
INFO: Full request read.
INFO: Response fully sent and connection closed for client FD: 11
INFO: Accepting new Connection on socket FD: 9
INFO: Full request read.
INFO: Response fully sent and connection closed for client FD: 11
INFO: Accepting new Connection on socket FD: 9
INFO: Accepting new Connection on socket FD: 9
INFO: Full request read.
INFO: Response fully sent and connection closed for client FD: 11
INFO: Full request read.
INFO: Response fully sent and connection closed for client FD: 12
INFO: Accepting new Connection on socket FD: 9
INFO: Full request read.
INFO: Response fully sent and connection closed for client FD: 11
INFO: Accepting new Connection on socket FD: 9
INFO: Full request read.
INFO: Response fully sent and connection closed for client FD: 11
INFO: Accepting new Connection on socket FD: 9
INFO: Full request read.
INFO: Response fully sent and connection closed for client FD: 11
INFO: Accepting new Connection on socket FD: 9
INFO: Full request read.
INFO: Response fully sent and connection closed for client FD: 11
INFO: Accepting new Connection on socket FD: 9
INFO: Full request read.
INFO: Response fully sent and connection closed for client FD: 11
INFO: Accepting new Connection on socket FD: 9
INFO: Full request read.
INFO: Response fully sent and connection closed for client FD: 11
INFO: Accepting new Connection on socket FD: 9
INFO: Full request read.
INFO: Response fully sent and connection closed for client FD: 11
INFO: Accepting new Connection on socket FD: 9
INFO: Full request read.
INFO: Response fully sent and connection closed for client FD: 11
INFO: Accepting new Connection on socket FD: 9
INFO: Full request read.
INFO: Response fully sent and connection closed for client FD: 11
INFO: Accepting new Connection on socket FD: 9
INFO: Full request read.
INFO: Response fully sent and connection closed for client FD: 11
INFO: Accepting new Connection on socket FD: 9
INFO: Accepting new Connection on socket FD: 9
INFO: Full request read.
INFO: Response fully sent and connection closed for client FD: 11
INFO: Full request read.
INFO: Response fully sent and connection closed for client FD: 12
INFO: Accepting new Connection on socket FD: 9
INFO: Full request read.
INFO: Response fully sent and connection closed for client FD: 11
INFO: Accepting new Connection on socket FD: 9
INFO: Full request read.
INFO: Response fully sent and connection closed for client FD: 11
INFO: Accepting new Connection on socket FD: 9
INFO: Full request read.
INFO: Response fully sent and connection closed for client FD: 11
INFO: Accepting new Connection on socket FD: 9
INFO: Full request read.
INFO: Response fully sent and connection closed for client FD: 11
INFO: Accepting new Connection on socket FD: 9
INFO: Full request read.
INFO: Response fully sent and connection closed for client FD: 11
INFO: Accepting new Connection on socket FD: 9
INFO: Full request read.
INFO: Response fully sent and connection closed for client FD: 11
INFO: Accepting new Connection on socket FD: 9
INFO: Full request read.
INFO: Response fully sent and connection closed for client FD: 11
INFO: Accepting new Connection on socket FD: 9
INFO: Full request read.
INFO: Response fully sent and connection closed for client FD: 11
INFO: Accepting new Connection on socket FD: 9
INFO: Full request read.
INFO: Response fully sent and connection closed for client FD: 11
INFO: Accepting new Connection on socket FD: 9
INFO: Full request read.
INFO: Response fully sent and connection closed for client FD: 11
INFO: Accepting new Connection on socket FD: 9
INFO: Full request read.
INFO: Response fully sent and connection closed for client FD: 11
INFO: Accepting new Connection on socket FD: 9
INFO: Full request read.
INFO: Response fully sent and connection closed for client FD: 11
INFO: Accepting new Connection on socket FD: 9
INFO: Full request read.
INFO: Response fully sent and connection closed for client FD: 11
INFO: Accepting new Connection on socket FD: 9
INFO: Full request read.
INFO: Response fully sent and connection closed for client FD: 11
INFO: Accepting new Connection on socket FD: 9
INFO: Accepting new Connection on socket FD: 9
INFO: Full request read.
INFO: Response fully sent and connection closed for client FD: 11
INFO: Full request read.
INFO: Response fully sent and connection closed for client FD: 12
INFO: Accepting new Connection on socket FD: 9
INFO: Full request read.
INFO: Response fully sent and connection closed for client FD: 11
INFO: Accepting new Connection on socket FD: 9
INFO: Full request read.
INFO: Response fully sent and connection closed for client FD: 11
INFO: Accepting new Connection on socket FD: 9
INFO: Full request read.
INFO: Response fully sent and connection closed for client FD: 11
INFO: Accepting new Connection on socket FD: 9
INFO: Full request read.
INFO: Response fully sent and connection closed for client FD: 11
INFO: Accepting new Connection on socket FD: 9
INFO: Full request read.
INFO: Response fully sent and connection closed for client FD: 11
INFO: Accepting new Connection on socket FD: 9
INFO: Full request read.
INFO: Response fully sent and connection closed for client FD: 11
INFO: Accepting new Connection on socket FD: 9
INFO: Accepting new Connection on socket FD: 9
INFO: Full request read.
INFO: Response fully sent and connection closed for client FD: 11
INFO: Full request read.
INFO: Response fully sent and connection closed for client FD: 12
INFO: Accepting new Connection on socket FD: 9
INFO: Full request read.
INFO: Response fully sent and connection closed for client FD: 11
INFO: Accepting new Connection on socket FD: 9
INFO: Full request read.
INFO: Response fully sent and connection closed for client FD: 11
INFO: Accepting new Connection on socket FD: 9
INFO: Accepting new Connection on socket FD: 9
INFO: Full request read.
INFO: Response fully sent and connection closed for client FD: 11
INFO: Full request read.
INFO: Response fully sent and connection closed for client FD: 12
INFO: Accepting new Connection on socket FD: 9
INFO: Full request read.
INFO: Response fully sent and connection closed for client FD: 11
INFO: Accepting new Connection on socket FD: 9
INFO: Full request read.
INFO: Response fully sent and connection closed for client FD: 11
INFO: Accepting new Connection on socket FD: 9
INFO: Accepting new Connection on socket FD: 9
INFO: Full request read.
INFO: Response fully sent and connection closed for client FD: 11
INFO: Full request read.
INFO: Response fully sent and connection closed for client FD: 12
INFO: Accepting new Connection on socket FD: 9
INFO: Full request read.
INFO: Response fully sent and connection closed for client FD: 11
INFO: Accepting new Connection on socket FD: 9
INFO: Full request read.
INFO: Response fully sent and connection closed for client FD: 11
INFO: Accepting new Connection on socket FD: 9
INFO: Accepting new Connection on socket FD: 9
INFO: Full request read.
INFO: Response fully sent and connection closed for client FD: 11
INFO: Full request read.
INFO: Response fully sent and connection closed for client FD: 12
INFO: Accepting new Connection on socket FD: 9
INFO: Full request read.
INFO: Response fully sent and connection closed for client FD: 11
INFO: Accepting new Connection on socket FD: 9
INFO: Full request read.
INFO: Response fully sent and connection closed for client FD: 11
INFO: Accepting new Connection on socket FD: 9
INFO: Accepting new Connection on socket FD: 9
INFO: Full request read.
INFO: Response fully sent and connection closed for client FD: 11
INFO: Full request read.
INFO: Response fully sent and connection closed for client FD: 12
INFO: Accepting new Connection on socket FD: 9
INFO: Full request read.
INFO: Response fully sent and connection closed for client FD: 11
INFO: Accepting new Connection on socket FD: 9
INFO: Full request read.
INFO: Response fully sent and connection closed for client FD: 11
INFO: Accepting new Connection on socket FD: 9
INFO: Full request read.
INFO: Response fully sent and connection closed for client FD: 11
INFO: Accepting new Connection on socket FD: 9
INFO: Full request read.
INFO: Response fully sent and connection closed for client FD: 11
INFO: Accepting new Connection on socket FD: 9
INFO: Full request read.
INFO: Response fully sent and connection closed for client FD: 11
INFO: Accepting new Connection on socket FD: 9
INFO: Full request read.
INFO: Response fully sent and connection closed for client FD: 11
INFO: Accepting new Connection on socket FD: 9
INFO: Full request read.
INFO: Response fully sent and connection closed for client FD: 11
INFO: Accepting new Connection on socket FD: 9
INFO: Full request read.
INFO: Response fully sent and connection closed for client FD: 11
INFO: Accepting new Connection on socket FD: 9
INFO: Full request read.
INFO: Response fully sent and connection closed for client FD: 11
INFO: Accepting new Connection on socket FD: 9
INFO: Full request read.
INFO: Response fully sent and connection closed for client FD: 11
INFO: Accepting new Connection on socket FD: 9
INFO: Full request read.
INFO: Response fully sent and connection closed for client FD: 11
INFO: Accepting new Connection on socket FD: 9
INFO: Full request read.
INFO: Response fully sent and connection closed for client FD: 11
INFO: Accepting new Connection on socket FD: 9
INFO: Full request read.
INFO: Response fully sent and connection closed for client FD: 11
INFO: Accepting new Connection on socket FD: 9
INFO: Full request read.
INFO: Response fully sent and connection closed for client FD: 11
INFO: Accepting new Connection on socket FD: 9
INFO: Accepting new Connection on socket FD: 9
INFO: Full request read.
INFO: Response fully sent and connection closed for client FD: 11
INFO: Full request read.
INFO: Response fully sent and connection closed for client FD: 12
INFO: Accepting new Connection on socket FD: 9
INFO: Full request read.
INFO: Response fully sent and connection closed for client FD: 11
INFO: Accepting new Connection on socket FD: 9
INFO: Full request read.
INFO: Response fully sent and connection closed for client FD: 11
INFO: Accepting new Connection on socket FD: 9
INFO: Full request read.
INFO: Response fully sent and connection closed for client FD: 11
INFO: Accepting new Connection on socket FD: 9
INFO: Full request read.
INFO: Response fully sent and connection closed for client FD: 11
INFO: Accepting new Connection on socket FD: 9
INFO: Accepting new Connection on socket FD: 9
INFO: Full request read.
INFO: Full request read.
INFO: Response fully sent and connection closed for client FD: 11
INFO: Response fully sent and connection closed for client FD: 12
INFO: Accepting new Connection on socket FD: 9
INFO: Full request read.
INFO: Response fully sent and connection closed for client FD: 11
INFO: Accepting new Connection on socket FD: 9
INFO: Full request read.
INFO: Response fully sent and connection closed for client FD: 11
INFO: Accepting new Connection on socket FD: 9
INFO: Full request read.
INFO: Response fully sent and connection closed for client FD: 11
INFO: Accepting new Connection on socket FD: 9
INFO: Full request read.
INFO: Response fully sent and connection closed for client FD: 11
INFO: Accepting new Connection on socket FD: 9
INFO: Full request read.
INFO: Response fully sent and connection closed for client FD: 11
INFO: Accepting new Connection on socket FD: 9
INFO: Full request read.
INFO: Response fully sent and connection closed for client FD: 11
INFO: Accepting new Connection on socket FD: 9
INFO: Full request read.
INFO: Response fully sent and connection closed for client FD: 11
INFO: Accepting new Connection on socket FD: 9
INFO: Full request read.
INFO: Response fully sent and connection closed for client FD: 11
INFO: Accepting new Connection on socket FD: 9
INFO: Full request read.
INFO: Response fully sent and connection closed for client FD: 11
INFO: Accepting new Connection on socket FD: 9
INFO: Full request read.
INFO: Response fully sent and connection closed for client FD: 11
INFO: Accepting new Connection on socket FD: 9
INFO: Full request read.
INFO: Response fully sent and connection closed for client FD: 11
INFO: Accepting new Connection on socket FD: 9
INFO: Full request read.
INFO: Response fully sent and connection closed for client FD: 11
INFO: Accepting new Connection on socket FD: 9
INFO: Full request read.
INFO: Response fully sent and connection closed for client FD: 11
INFO: Accepting new Connection on socket FD: 9
INFO: Full request read.
INFO: Response fully sent and connection closed for client FD: 11
INFO: Accepting new Connection on socket FD: 9
INFO: Full request read.
INFO: Response fully sent and connection closed for client FD: 11
INFO: Accepting new Connection on socket FD: 9
INFO: Full request read.
INFO: Response fully sent and connection closed for client FD: 11
INFO: Accepting new Connection on socket FD: 9
INFO: Full request read.
INFO: Response fully sent and connection closed for client FD: 11
INFO: Accepting new Connection on socket FD: 9
INFO: Full request read.
INFO: Response fully sent and connection closed for client FD: 11
INFO: Accepting new Connection on socket FD: 9
INFO: Full request read.
INFO: Response fully sent and connection closed for client FD: 11
INFO: Accepting new Connection on socket FD: 9
INFO: Full request read.
INFO: Response fully sent and connection closed for client FD: 11
INFO: Accepting new Connection on socket FD: 9
INFO: Full request read.
INFO: Response fully sent and connection closed for client FD: 11
INFO: Accepting new Connection on socket FD: 9
INFO: Full request read.
INFO: Response fully sent and connection closed for client FD: 11
INFO: Accepting new Connection on socket FD: 9
INFO: Accepting new Connection on socket FD: 9
INFO: Full request read.
INFO: Response fully sent and connection closed for client FD: 11
INFO: Full request read.
INFO: Response fully sent and connection closed for client FD: 12
INFO: Accepting new Connection on socket FD: 9
INFO: Full request read.
INFO: Response fully sent and connection closed for client FD: 11
INFO: Accepting new Connection on socket FD: 9
INFO: Full request read.
INFO: Response fully sent and connection closed for client FD: 11
INFO: Accepting new Connection on socket FD: 9
INFO: Accepting new Connection on socket FD: 9
INFO: Full request read.
INFO: Response fully sent and connection closed for client FD: 11
INFO: Full request read.
INFO: Response fully sent and connection closed for client FD: 12
INFO: Accepting new Connection on socket FD: 9
INFO: Full request read.
INFO: Response fully sent and connection closed for client FD: 11
INFO: Accepting new Connection on socket FD: 9
INFO: Full request read.
INFO: Response fully sent and connection closed for client FD: 11
INFO: Accepting new Connection on socket FD: 9
INFO: Full request read.
INFO: Response fully sent and connection closed for client FD: 11
INFO: Accepting new Connection on socket FD: 9
INFO: Full request read.
INFO: Response fully sent and connection closed for client FD: 11
INFO: Accepting new Connection on socket FD: 9
INFO: Full request read.
INFO: Response fully sent and connection closed for client FD: 11
INFO: Accepting new Connection on socket FD: 9
INFO: Full request read.
INFO: Response fully sent and connection closed for client FD: 11
INFO: Accepting new Connection on socket FD: 9
INFO: Full request read.
INFO: Response fully sent and connection closed for client FD: 11
INFO: Accepting new Connection on socket FD: 9
INFO: Full request read.
INFO: Response fully sent and connection closed for client FD: 11
INFO: Accepting new Connection on socket FD: 9
INFO: Full request read.
INFO: Response fully sent and connection closed for client FD: 11
INFO: Accepting new Connection on socket FD: 9
INFO: Full request read.
INFO: Response fully sent and connection closed for client FD: 11
INFO: Accepting new Connection on socket FD: 9
INFO: Accepting new Connection on socket FD: 9
INFO: Full request read.
INFO: Response fully sent and connection closed for client FD: 11
INFO: Full request read.
INFO: Response fully sent and connection closed for client FD: 12
INFO: Accepting new Connection on socket FD: 9
INFO: Full request read.
INFO: Response fully sent and connection closed for client FD: 11
INFO: Accepting new Connection on socket FD: 9
INFO: Full request read.
INFO: Response fully sent and connection closed for client FD: 11
INFO: Accepting new Connection on socket FD: 9
INFO: Accepting new Connection on socket FD: 9
INFO: Full request read.
INFO: Response fully sent and connection closed for client FD: 11
INFO: Full request read.
INFO: Response fully sent and connection closed for client FD: 12
INFO: Accepting new Connection on socket FD: 9
INFO: Full request read.
INFO: Response fully sent and connection closed for client FD: 11
INFO: Accepting new Connection on socket FD: 9
INFO: Full request read.
INFO: Response fully sent and connection closed for client FD: 11
INFO: Accepting new Connection on socket FD: 9
INFO: Accepting new Connection on socket FD: 9
INFO: Full request read.
INFO: Response fully sent and connection closed for client FD: 11
INFO: Full request read.
INFO: Response fully sent and connection closed for client FD: 12
INFO: Accepting new Connection on socket FD: 9
INFO: Full request read.
INFO: Response fully sent and connection closed for client FD: 11
INFO: Accepting new Connection on socket FD: 9
INFO: Full request read.
INFO: Response fully sent and connection closed for client FD: 11
INFO: Accepting new Connection on socket FD: 9
INFO: Full request read.
INFO: Response fully sent and connection closed for client FD: 11
INFO: Accepting new Connection on socket FD: 9
INFO: Full request read.
INFO: Response fully sent and connection closed for client FD: 11
INFO: Accepting new Connection on socket FD: 9
INFO: Full request read.
INFO: Response fully sent and connection closed for client FD: 11
INFO: Accepting new Connection on socket FD: 9
INFO: Full request read.
INFO: Response fully sent and connection closed for client FD: 11
INFO: Accepting new Connection on socket FD: 9
INFO: Full request read.
INFO: Response fully sent and connection closed for client FD: 11
INFO: Accepting new Connection on socket FD: 9
INFO: Full request read.
INFO: Response fully sent and connection closed for client FD: 11
INFO: Accepting new Connection on socket FD: 9
INFO: Full request read.
INFO: Response fully sent and connection closed for client FD: 11
INFO: Accepting new Connection on socket FD: 9
INFO: Full request read.
INFO: Response fully sent and connection closed for client FD: 11
INFO: Accepting new Connection on socket FD: 9
INFO: Accepting new Connection on socket FD: 9
INFO: Full request read.
INFO: Response fully sent and connection closed for client FD: 11
INFO: Full request read.
INFO: Response fully sent and connection closed for client FD: 12
INFO: Accepting new Connection on socket FD: 9
INFO: Full request read.
INFO: Response fully sent and connection closed for client FD: 11
INFO: Accepting new Connection on socket FD: 9
INFO: Full request read.
INFO: Response fully sent and connection closed for client FD: 11
INFO: Accepting new Connection on socket FD: 9
INFO: Full request read.
INFO: Response fully sent and connection closed for client FD: 11
INFO: Accepting new Connection on socket FD: 9
INFO: Full request read.
INFO: Response fully sent and connection closed for client FD: 11
INFO: Accepting new Connection on socket FD: 9
INFO: Full request read.
INFO: Response fully sent and connection closed for client FD: 11
INFO: Accepting new Connection on socket FD: 9
INFO: Full request read.
INFO: Response fully sent and connection closed for client FD: 11
INFO: Accepting new Connection on socket FD: 9
INFO: Full request read.
INFO: Response fully sent and connection closed for client FD: 11
INFO: Accepting new Connection on socket FD: 9
INFO: Full request read.
INFO: Response fully sent and connection closed for client FD: 11
INFO: Accepting new Connection on socket FD: 9
INFO: Full request read.
INFO: Response fully sent and connection closed for client FD: 11
INFO: Accepting new Connection on socket FD: 9
INFO: Full request read.
INFO: Response fully sent and connection closed for client FD: 11
INFO: Accepting new Connection on socket FD: 9
INFO: Full request read.
INFO: Response fully sent and connection closed for client FD: 11
INFO: Accepting new Connection on socket FD: 9
INFO: Full request read.
INFO: Response fully sent and connection closed for client FD: 11
INFO: Accepting new Connection on socket FD: 9
INFO: Full request read.
INFO: Response fully sent and connection closed for client FD: 11
INFO: Accepting new Connection on socket FD: 9
INFO: Full request read.
INFO: Response fully sent and connection closed for client FD: 11
INFO: Accepting new Connection on socket FD: 9
INFO: Full request read.
INFO: Response fully sent and connection closed for client FD: 11
INFO: Accepting new Connection on socket FD: 9
INFO: Full request read.
INFO: Response fully sent and connection closed for client FD: 11
INFO: Accepting new Connection on socket FD: 9
INFO: Full request read.
INFO: Response fully sent and connection closed for client FD: 11
INFO: Accepting new Connection on socket FD: 9
INFO: Full request read.
INFO: Response fully sent and connection closed for client FD: 11
INFO: Accepting new Connection on socket FD: 9
INFO: Accepting new Connection on socket FD: 9
INFO: Full request read.
INFO: Response fully sent and connection closed for client FD: 11
INFO: Full request read.
INFO: Response fully sent and connection closed for client FD: 12
INFO: Accepting new Connection on socket FD: 9
INFO: Full request read.
INFO: Response fully sent and connection closed for client FD: 11
INFO: Accepting new Connection on socket FD: 9
INFO: Full request read.
INFO: Response fully sent and connection closed for client FD: 11
INFO: Accepting new Connection on socket FD: 9
INFO: Full request read.
INFO: Response fully sent and connection closed for client FD: 11
INFO: Accepting new Connection on socket FD: 9
INFO: Full request read.
INFO: Response fully sent and connection closed for client FD: 11
INFO: Accepting new Connection on socket FD: 9
INFO: Full request read.
INFO: Response fully sent and connection closed for client FD: 11
INFO: Accepting new Connection on socket FD: 9
INFO: Full request read.
INFO: Response fully sent and connection closed for client FD: 11
INFO: Accepting new Connection on socket FD: 9
INFO: Accepting new Connection on socket FD: 9
INFO: Full request read.
INFO: Response fully sent and connection closed for client FD: 11
INFO: Full request read.
INFO: Response fully sent and connection closed for client FD: 12
INFO: Accepting new Connection on socket FD: 9
INFO: Full request read.
INFO: Response fully sent and connection closed for client FD: 11
INFO: Accepting new Connection on socket FD: 9
INFO: Full request read.
INFO: Response fully sent and connection closed for client FD: 11
INFO: Accepting new Connection on socket FD: 9
INFO: Accepting new Connection on socket FD: 9
INFO: Full request read.
INFO: Response fully sent and connection closed for client FD: 11
INFO: Full request read.
INFO: Response fully sent and connection closed for client FD: 12
INFO: Accepting new Connection on socket FD: 9
INFO: Full request read.
INFO: Response fully sent and connection closed for client FD: 11
INFO: Accepting new Connection on socket FD: 9
INFO: Full request read.
INFO: Response fully sent and connection closed for client FD: 11
INFO: Accepting new Connection on socket FD: 9
INFO: Full request read.
INFO: Response fully sent and connection closed for client FD: 11
INFO: Accepting new Connection on socket FD: 9
INFO: Full request read.
INFO: Response fully sent and connection closed for client FD: 11
INFO: Accepting new Connection on socket FD: 9
INFO: Full request read.
INFO: Response fully sent and connection closed for client FD: 11
INFO: Accepting new Connection on socket FD: 9
INFO: Full request read.
INFO: Response fully sent and connection closed for client FD: 11
INFO: Accepting new Connection on socket FD: 9
INFO: Full request read.
INFO: Response fully sent and connection closed for client FD: 11
INFO: Accepting new Connection on socket FD: 9
INFO: Full request read.
INFO: Response fully sent and connection closed for client FD: 11
INFO: Accepting new Connection on socket FD: 9
INFO: Full request read.
INFO: Response fully sent and connection closed for client FD: 11
INFO: Accepting new Connection on socket FD: 9
INFO: Full request read.
INFO: Response fully sent and connection closed for client FD: 11
INFO: Accepting new Connection on socket FD: 9
INFO: Accepting new Connection on socket FD: 9
INFO: Full request read.
INFO: Response fully sent and connection closed for client FD: 11
INFO: Full request read.
INFO: Response fully sent and connection closed for client FD: 12
INFO: Accepting new Connection on socket FD: 9
INFO: Full request read.
INFO: Response fully sent and connection closed for client FD: 11
INFO: Accepting new Connection on socket FD: 9
INFO: Full request read.
INFO: Response fully sent and connection closed for client FD: 11
INFO: Accepting new Connection on socket FD: 9
INFO: Accepting new Connection on socket FD: 9
INFO: Full request read.
INFO: Full request read.
INFO: Response fully sent and connection closed for client FD: 11
INFO: Response fully sent and connection closed for client FD: 12
INFO: Accepting new Connection on socket FD: 9
INFO: Full request read.
INFO: Response fully sent and connection closed for client FD: 11
INFO: Accepting new Connection on socket FD: 9
INFO: Full request read.
INFO: Response fully sent and connection closed for client FD: 11
INFO: Accepting new Connection on socket FD: 9
INFO: Accepting new Connection on socket FD: 9
INFO: Full request read.
INFO: Response fully sent and connection closed for client FD: 11
INFO: Full request read.
INFO: Response fully sent and connection closed for client FD: 12
INFO: Accepting new Connection on socket FD: 9
INFO: Full request read.
INFO: Response fully sent and connection closed for client FD: 11
INFO: Accepting new Connection on socket FD: 9
INFO: Full request read.
INFO: Response fully sent and connection closed for client FD: 11
INFO: Accepting new Connection on socket FD: 9
INFO: Accepting new Connection on socket FD: 9
INFO: Full request read.
INFO: Response fully sent and connection closed for client FD: 11
INFO: Full request read.
INFO: Response fully sent and connection closed for client FD: 12
INFO: Accepting new Connection on socket FD: 9
INFO: Full request read.
INFO: Response fully sent and connection closed for client FD: 11
INFO: Accepting new Connection on socket FD: 9
INFO: Full request read.
INFO: Response fully sent and connection closed for client FD: 11
INFO: Accepting new Connection on socket FD: 9
INFO: Accepting new Connection on socket FD: 9
INFO: Full request read.
INFO: Response fully sent and connection closed for client FD: 11
INFO: Full request read.
INFO: Response fully sent and connection closed for client FD: 12
INFO: Accepting new Connection on socket FD: 9
INFO: Full request read.
INFO: Response fully sent and connection closed for client FD: 11
INFO: Accepting new Connection on socket FD: 9
INFO: Full request read.
INFO: Response fully sent and connection closed for client FD: 11
INFO: Accepting new Connection on socket FD: 9
INFO: Accepting new Connection on socket FD: 9
INFO: Full request read.
INFO: Response fully sent and connection closed for client FD: 11
INFO: Full request read.
INFO: Response fully sent and connection closed for client FD: 12
INFO: Accepting new Connection on socket FD: 9
INFO: Full request read.
INFO: Response fully sent and connection closed for client FD: 11
INFO: Accepting new Connection on socket FD: 9
INFO: Full request read.
INFO: Response fully sent and connection closed for client FD: 11
INFO: Accepting new Connection on socket FD: 9
INFO: Full request read.
INFO: Response fully sent and connection closed for client FD: 11
INFO: Accepting new Connection on socket FD: 9
INFO: Full request read.
INFO: Response fully sent and connection closed for client FD: 11
INFO: Accepting new Connection on socket FD: 9
INFO: Full request read.
INFO: Response fully sent and connection closed for client FD: 11
INFO: Accepting new Connection on socket FD: 9
INFO: Full request read.
INFO: Response fully sent and connection closed for client FD: 11
INFO: Accepting new Connection on socket FD: 9
INFO: Full request read.
INFO: Response fully sent and connection closed for client FD: 11
INFO: Accepting new Connection on socket FD: 9
INFO: Accepting new Connection on socket FD: 9
INFO: Full request read.
INFO: Response fully sent and connection closed for client FD: 11
INFO: Full request read.
INFO: Response fully sent and connection closed for client FD: 12
INFO: Accepting new Connection on socket FD: 9
INFO: Full request read.
INFO: Response fully sent and connection closed for client FD: 11
INFO: Accepting new Connection on socket FD: 9
INFO: Full request read.
INFO: Response fully sent and connection closed for client FD: 11
INFO: Accepting new Connection on socket FD: 9
INFO: Full request read.
INFO: Response fully sent and connection closed for client FD: 11
INFO: Accepting new Connection on socket FD: 9
INFO: Full request read.
INFO: Response fully sent and connection closed for client FD: 11
INFO: Accepting new Connection on socket FD: 9
INFO: Full request read.
INFO: Response fully sent and connection closed for client FD: 11
INFO: Accepting new Connection on socket FD: 9
INFO: Full request read.
INFO: Response fully sent and connection closed for client FD: 11
INFO: Accepting new Connection on socket FD: 9
INFO: Full request read.
INFO: Response fully sent and connection closed for client FD: 11
INFO: Accepting new Connection on socket FD: 9
INFO: Accepting new Connection on socket FD: 9
INFO: Full request read.
INFO: Response fully sent and connection closed for client FD: 11
INFO: Full request read.
INFO: Response fully sent and connection closed for client FD: 12
INFO: Accepting new Connection on socket FD: 9
INFO: Full request read.
INFO: Response fully sent and connection closed for client FD: 11
INFO: Accepting new Connection on socket FD: 9
INFO: Full request read.
INFO: Response fully sent and connection closed for client FD: 11
INFO: Accepting new Connection on socket FD: 9
INFO: Full request read.
INFO: Response fully sent and connection closed for client FD: 11
INFO: Accepting new Connection on socket FD: 9
INFO: Full request read.
INFO: Response fully sent and connection closed for client FD: 11
INFO: Accepting new Connection on socket FD: 9
INFO: Full request read.
INFO: Response fully sent and connection closed for client FD: 11
INFO: Accepting new Connection on socket FD: 9
INFO: Full request read.
INFO: Response fully sent and connection closed for client FD: 11
INFO: Accepting new Connection on socket FD: 9
INFO: Full request read.
INFO: Response fully sent and connection closed for client FD: 11
INFO: Accepting new Connection on socket FD: 9
INFO: Full request read.
INFO: Response fully sent and connection closed for client FD: 11
INFO: Accepting new Connection on socket FD: 9
INFO: Accepting new Connection on socket FD: 9
INFO: Full request read.
INFO: Response fully sent and connection closed for client FD: 11
INFO: Full request read.
INFO: Response fully sent and connection closed for client FD: 12
INFO: Accepting new Connection on socket FD: 9
INFO: Full request read.
INFO: Response fully sent and connection closed for client FD: 11
INFO: Signal received, stopping the server...
