INFO: Starting Program logs at : 20241125_094448
INFO: Starting main
INFO: 2 servers successfully configured
INFO: Server configuration is valid.
INFO: Socket 9 successfully bound to port 8080
INFO: Socket 9 is now listening on port 8080
INFO: Server launched, listening on port: 8080
INFO: Server configuration is valid.
INFO: Socket 10 successfully bound to port 8081
INFO: Socket 10 is now listening on port 8081
INFO: Server launched, listening on port: 8081
INFO: Accepting new Connection on socket FD: 9
INFO: Accepting new Connection on socket FD: 9
INFO: Full request read.
INFO: Data set in session: status = new user
INFO: Data set in session: last_access_time = 2024-11-25 09:44:52
INFO: Data set in session: requested_pages = /pages/apropos.html
INFO: Data set in session: methods = GET
INFO: Data set in session: user_agent = Mozilla/5.0 (Macintosh; Intel Mac OS X 10_15_7) AppleWebKit/537.36 (KHTML, like Gecko) Chrome/131.0.0.0 Safari/537.36
INFO: Parsing OK, handling request for client fd: 11
INFO: Serving static file found at: www/pages/apropos.html
INFO: Response fully sent and connection closed for client FD: 11
INFO: Accepting new Connection on socket FD: 9
INFO: Full request read.
INFO: Data set in session: status = existing user
INFO: Returning user: 623c35d4-4c25-44d5-9125-43bbf3f9e47e
INFO: Data set in session: last_access_time = 2024-11-25 09:44:52, 2024-11-25 09:44:52
INFO: Data set in session: requested_pages = /css/style_apropos.css
INFO: Data set in session: methods = GET
INFO: Data set in session: user_agent = Mozilla/5.0 (Macintosh; Intel Mac OS X 10_15_7) AppleWebKit/537.36 (KHTML, like Gecko) Chrome/131.0.0.0 Safari/537.36
INFO: Parsing OK, handling request for client fd: 12
INFO: Serving static file found at: www/css/style_apropos.css
INFO: Accepting new Connection on socket FD: 9
INFO: Response fully sent and connection closed for client FD: 12
INFO: Full request read.
INFO: Returning user: 623c35d4-4c25-44d5-9125-43bbf3f9e47e
INFO: Data set in session: last_access_time = 2024-11-25 09:44:52, 2024-11-25 09:44:52
INFO: Data set in session: requested_pages = /images/tgibert.jpg
INFO: Data set in session: methods = GET
INFO: Data set in session: user_agent = Mozilla/5.0 (Macintosh; Intel Mac OS X 10_15_7) AppleWebKit/537.36 (KHTML, like Gecko) Chrome/131.0.0.0 Safari/537.36
INFO: Parsing OK, handling request for client fd: 11
INFO: Serving static file found at: www/images/tgibert.jpg
INFO: Accepting new Connection on socket FD: 9
INFO: Response fully sent and connection closed for client FD: 11
INFO: Full request read.
INFO: Returning user: 623c35d4-4c25-44d5-9125-43bbf3f9e47e
INFO: Data set in session: last_access_time = 2024-11-25 09:44:52, 2024-11-25 09:44:52
INFO: Data set in session: requested_pages = /images/anporced.jpg
INFO: Data set in session: methods = GET
INFO: Data set in session: user_agent = Mozilla/5.0 (Macintosh; Intel Mac OS X 10_15_7) AppleWebKit/537.36 (KHTML, like Gecko) Chrome/131.0.0.0 Safari/537.36
INFO: Parsing OK, handling request for client fd: 13
INFO: Serving static file found at: www/images/anporced.jpg
INFO: Response fully sent and connection closed for client FD: 13
INFO: Full request read.
INFO: Returning user: 623c35d4-4c25-44d5-9125-43bbf3f9e47e
INFO: Data set in session: last_access_time = 2024-11-25 09:44:52, 2024-11-25 09:44:52
INFO: Data set in session: requested_pages = /images/jeza.jpg
INFO: Data set in session: methods = GET
INFO: Data set in session: user_agent = Mozilla/5.0 (Macintosh; Intel Mac OS X 10_15_7) AppleWebKit/537.36 (KHTML, like Gecko) Chrome/131.0.0.0 Safari/537.36
INFO: Parsing OK, handling request for client fd: 12
INFO: Serving static file found at: www/images/jeza.jpg
INFO: Response fully sent and connection closed for client FD: 12
INFO: Accepting new Connection on socket FD: 9
INFO: Accepting new Connection on socket FD: 9
INFO: Full request read.
INFO: Returning user: 623c35d4-4c25-44d5-9125-43bbf3f9e47e
INFO: Data set in session: last_access_time = 2024-11-25 09:44:52, 2024-11-25 09:45:03
INFO: Data set in session: requested_pages = /uploads
INFO: Data set in session: methods = POST
INFO: Data set in session: user_agent = Mozilla/5.0 (Macintosh; Intel Mac OS X 10_15_7) AppleWebKit/537.36 (KHTML, like Gecko) Chrome/131.0.0.0 Safari/537.36
INFO: Parsing OK, handling request for client fd: 11
INFO: File saved at: www/uploads/5-sorry.gif
INFO: Successfully uploaded file: 5-sorry.gif to www/uploads
INFO: Response fully sent and connection closed for client FD: 11
INFO: Full request read.
INFO: Returning user: 623c35d4-4c25-44d5-9125-43bbf3f9e47e
INFO: Data set in session: last_access_time = 2024-11-25 09:45:03, 2024-11-25 09:45:06
INFO: Data set in session: requested_pages = /index.html
INFO: Data set in session: methods = GET
INFO: Data set in session: user_agent = Mozilla/5.0 (Macintosh; Intel Mac OS X 10_15_7) AppleWebKit/537.36 (KHTML, like Gecko) Chrome/131.0.0.0 Safari/537.36
INFO: Parsing OK, handling request for client fd: 12
INFO: Serving static file found at: www/index.html
INFO: Accepting new Connection on socket FD: 9
INFO: Response fully sent and connection closed for client FD: 12
INFO: Full request read.
INFO: Returning user: 623c35d4-4c25-44d5-9125-43bbf3f9e47e
INFO: Data set in session: last_access_time = 2024-11-25 09:45:06, 2024-11-25 09:45:06
INFO: Data set in session: requested_pages = /css/style.css
INFO: Data set in session: methods = GET
INFO: Data set in session: user_agent = Mozilla/5.0 (Macintosh; Intel Mac OS X 10_15_7) AppleWebKit/537.36 (KHTML, like Gecko) Chrome/131.0.0.0 Safari/537.36
INFO: Parsing OK, handling request for client fd: 11
INFO: Serving static file found at: www/css/style.css
INFO: Response fully sent and connection closed for client FD: 11
INFO: Accepting new Connection on socket FD: 9
INFO: Full request read.
INFO: Returning user: 623c35d4-4c25-44d5-9125-43bbf3f9e47e
INFO: Data set in session: last_access_time = 2024-11-25 09:45:06, 2024-11-25 09:45:06
INFO: Data set in session: requested_pages = /script.js
INFO: Data set in session: methods = GET
INFO: Data set in session: user_agent = Mozilla/5.0 (Macintosh; Intel Mac OS X 10_15_7) AppleWebKit/537.36 (KHTML, like Gecko) Chrome/131.0.0.0 Safari/537.36
INFO: Parsing OK, handling request for client fd: 11
INFO: Serving static file found at: www/script.js
INFO: Response fully sent and connection closed for client FD: 11
INFO: Accepting new Connection on socket FD: 9
INFO: Accepting new Connection on socket FD: 9
INFO: Accepting new Connection on socket FD: 9
INFO: Accepting new Connection on socket FD: 9
INFO: Full request read.
INFO: Returning user: 623c35d4-4c25-44d5-9125-43bbf3f9e47e
INFO: Data set in session: last_access_time = 2024-11-25 09:45:06, 2024-11-25 09:45:06
INFO: Data set in session: requested_pages = /images/fleur.jpg
INFO: Data set in session: methods = GET
INFO: Data set in session: user_agent = Mozilla/5.0 (Macintosh; Intel Mac OS X 10_15_7) AppleWebKit/537.36 (KHTML, like Gecko) Chrome/131.0.0.0 Safari/537.36
INFO: Parsing OK, handling request for client fd: 11
INFO: Serving static file found at: www/images/fleur.jpg
INFO: Response fully sent and connection closed for client FD: 11
INFO: Full request read.
[ 1 similar lines hidden ]
INFO: Full request read.
INFO: Returning user: 623c35d4-4c25-44d5-9125-43bbf3f9e47e
INFO: Data set in session: last_access_time = 2024-11-25 09:45:06, 2024-11-25 09:45:06
INFO: Data set in session: requested_pages = /images/recolte.avif
INFO: Data set in session: methods = GET
INFO: Data set in session: user_agent = Mozilla/5.0 (Macintosh; Intel Mac OS X 10_15_7) AppleWebKit/537.36 (KHTML, like Gecko) Chrome/131.0.0.0 Safari/537.36
INFO: Parsing OK, handling request for client fd: 12
INFO: Serving static file found at: www/images/recolte.avif
INFO: Returning user: 623c35d4-4c25-44d5-9125-43bbf3f9e47e
INFO: Data set in session: last_access_time = 2024-11-25 09:45:06, 2024-11-25 09:45:06
INFO: Data set in session: requested_pages = /images/conso.jpg
INFO: Data set in session: methods = GET
INFO: Data set in session: user_agent = Mozilla/5.0 (Macintosh; Intel Mac OS X 10_15_7) AppleWebKit/537.36 (KHTML, like Gecko) Chrome/131.0.0.0 Safari/537.36
INFO: Parsing OK, handling request for client fd: 13
INFO: Serving static file found at: www/images/conso.jpg
INFO: Returning user: 623c35d4-4c25-44d5-9125-43bbf3f9e47e
INFO: Data set in session: last_access_time = 2024-11-25 09:45:06, 2024-11-25 09:45:06
INFO: Data set in session: requested_pages = /images/fume.jpg
INFO: Data set in session: methods = GET
INFO: Data set in session: user_agent = Mozilla/5.0 (Macintosh; Intel Mac OS X 10_15_7) AppleWebKit/537.36 (KHTML, like Gecko) Chrome/131.0.0.0 Safari/537.36
INFO: Parsing OK, handling request for client fd: 14
INFO: Serving static file found at: www/images/fume.jpg
INFO: Response fully sent and connection closed for client FD: 12
INFO: Response fully sent and connection closed for client FD: 13
INFO: Response fully sent and connection closed for client FD: 14
INFO: Accepting new Connection on socket FD: 9
INFO: Accepting new Connection on socket FD: 9
INFO: Full request read.
INFO: Returning user: 623c35d4-4c25-44d5-9125-43bbf3f9e47e
INFO: Data set in session: last_access_time = 2024-11-25 09:45:06, 2024-11-25 09:45:16
INFO: Data set in session: requested_pages = /pages/apropos.html
INFO: Data set in session: methods = GET
INFO: Data set in session: user_agent = Mozilla/5.0 (Macintosh; Intel Mac OS X 10_15_7) AppleWebKit/537.36 (KHTML, like Gecko) Chrome/131.0.0.0 Safari/537.36
INFO: Parsing OK, handling request for client fd: 11
INFO: Serving static file found at: www/pages/apropos.html
INFO: Response fully sent and connection closed for client FD: 11
INFO: Full request read.
INFO: Returning user: 623c35d4-4c25-44d5-9125-43bbf3f9e47e
INFO: Data set in session: last_access_time = 2024-11-25 09:45:16, 2024-11-25 09:45:16
INFO: Data set in session: requested_pages = /css/style_apropos.css
INFO: Data set in session: methods = GET
INFO: Data set in session: user_agent = Mozilla/5.0 (Macintosh; Intel Mac OS X 10_15_7) AppleWebKit/537.36 (KHTML, like Gecko) Chrome/131.0.0.0 Safari/537.36
INFO: Parsing OK, handling request for client fd: 12
INFO: Serving static file found at: www/css/style_apropos.css
INFO: Response fully sent and connection closed for client FD: 12
INFO: Accepting new Connection on socket FD: 9
INFO: Accepting new Connection on socket FD: 9
INFO: Full request read.
INFO: Returning user: 623c35d4-4c25-44d5-9125-43bbf3f9e47e
INFO: Data set in session: last_access_time = 2024-11-25 09:45:16, 2024-11-25 09:45:16
INFO: Data set in session: requested_pages = /images/tgibert.jpg
INFO: Data set in session: methods = GET
INFO: Data set in session: user_agent = Mozilla/5.0 (Macintosh; Intel Mac OS X 10_15_7) AppleWebKit/537.36 (KHTML, like Gecko) Chrome/131.0.0.0 Safari/537.36
INFO: Parsing OK, handling request for client fd: 11
INFO: Serving static file found at: www/images/tgibert.jpg
INFO: Accepting new Connection on socket FD: 9
INFO: Response fully sent and connection closed for client FD: 11
INFO: Full request read.
INFO: Returning user: 623c35d4-4c25-44d5-9125-43bbf3f9e47e
INFO: Data set in session: last_access_time = 2024-11-25 09:45:16, 2024-11-25 09:45:16
INFO: Data set in session: requested_pages = /images/anporced.jpg
INFO: Data set in session: methods = GET
INFO: Data set in session: user_agent = Mozilla/5.0 (Macintosh; Intel Mac OS X 10_15_7) AppleWebKit/537.36 (KHTML, like Gecko) Chrome/131.0.0.0 Safari/537.36
INFO: Parsing OK, handling request for client fd: 12
INFO: Serving static file found at: www/images/anporced.jpg
INFO: Response fully sent and connection closed for client FD: 12
INFO: Full request read.
INFO: Returning user: 623c35d4-4c25-44d5-9125-43bbf3f9e47e
INFO: Data set in session: last_access_time = 2024-11-25 09:45:16, 2024-11-25 09:45:16
INFO: Data set in session: requested_pages = /images/jeza.jpg
INFO: Data set in session: methods = GET
INFO: Data set in session: user_agent = Mozilla/5.0 (Macintosh; Intel Mac OS X 10_15_7) AppleWebKit/537.36 (KHTML, like Gecko) Chrome/131.0.0.0 Safari/537.36
INFO: Parsing OK, handling request for client fd: 13
INFO: Serving static file found at: www/images/jeza.jpg
INFO: Response fully sent and connection closed for client FD: 13
INFO: Accepting new Connection on socket FD: 9
INFO: Accepting new Connection on socket FD: 9
INFO: Full request read.
INFO: Returning user: 623c35d4-4c25-44d5-9125-43bbf3f9e47e
INFO: Data set in session: last_access_time = 2024-11-25 09:45:16, 2024-11-25 09:45:22
INFO: Data set in session: requested_pages = /uploads
INFO: Data set in session: methods = POST
INFO: Data set in session: user_agent = Mozilla/5.0 (Macintosh; Intel Mac OS X 10_15_7) AppleWebKit/537.36 (KHTML, like Gecko) Chrome/131.0.0.0 Safari/537.36
INFO: Parsing OK, handling request for client fd: 11
INFO: File saved at: www/uploads/5-sorry.gif
INFO: Successfully uploaded file: 5-sorry.gif to www/uploads
INFO: Response fully sent and connection closed for client FD: 11
INFO: Full request read.
INFO: Returning user: 623c35d4-4c25-44d5-9125-43bbf3f9e47e
INFO: Data set in session: last_access_time = 2024-11-25 09:45:22, 2024-11-25 09:45:25
INFO: Data set in session: requested_pages = /index.html
INFO: Data set in session: methods = GET
INFO: Data set in session: user_agent = Mozilla/5.0 (Macintosh; Intel Mac OS X 10_15_7) AppleWebKit/537.36 (KHTML, like Gecko) Chrome/131.0.0.0 Safari/537.36
INFO: Parsing OK, handling request for client fd: 12
INFO: Serving static file found at: www/index.html
INFO: Response fully sent and connection closed for client FD: 12
INFO: Accepting new Connection on socket FD: 9
INFO: Full request read.
INFO: Returning user: 623c35d4-4c25-44d5-9125-43bbf3f9e47e
INFO: Data set in session: last_access_time = 2024-11-25 09:45:25, 2024-11-25 09:45:25
INFO: Data set in session: requested_pages = /css/style.css
INFO: Data set in session: methods = GET
INFO: Data set in session: user_agent = Mozilla/5.0 (Macintosh; Intel Mac OS X 10_15_7) AppleWebKit/537.36 (KHTML, like Gecko) Chrome/131.0.0.0 Safari/537.36
INFO: Parsing OK, handling request for client fd: 11
INFO: Serving static file found at: www/css/style.css
INFO: Response fully sent and connection closed for client FD: 11
INFO: Accepting new Connection on socket FD: 9
INFO: Accepting new Connection on socket FD: 9
INFO: Accepting new Connection on socket FD: 9
INFO: Accepting new Connection on socket FD: 9
INFO: Full request read.
INFO: Returning user: 623c35d4-4c25-44d5-9125-43bbf3f9e47e
INFO: Data set in session: last_access_time = 2024-11-25 09:45:25, 2024-11-25 09:45:25
INFO: Data set in session: requested_pages = /images/fleur.jpg
INFO: Data set in session: methods = GET
INFO: Data set in session: user_agent = Mozilla/5.0 (Macintosh; Intel Mac OS X 10_15_7) AppleWebKit/537.36 (KHTML, like Gecko) Chrome/131.0.0.0 Safari/537.36
INFO: Parsing OK, handling request for client fd: 11
INFO: Serving static file found at: www/images/fleur.jpg
INFO: Response fully sent and connection closed for client FD: 11
INFO: Full request read.
[ 1 similar lines hidden ]
INFO: Full request read.
INFO: Returning user: 623c35d4-4c25-44d5-9125-43bbf3f9e47e
INFO: Data set in session: last_access_time = 2024-11-25 09:45:25, 2024-11-25 09:45:25
INFO: Data set in session: requested_pages = /images/recolte.avif
INFO: Data set in session: methods = GET
INFO: Data set in session: user_agent = Mozilla/5.0 (Macintosh; Intel Mac OS X 10_15_7) AppleWebKit/537.36 (KHTML, like Gecko) Chrome/131.0.0.0 Safari/537.36
INFO: Parsing OK, handling request for client fd: 12
INFO: Serving static file found at: www/images/recolte.avif
INFO: Returning user: 623c35d4-4c25-44d5-9125-43bbf3f9e47e
INFO: Data set in session: last_access_time = 2024-11-25 09:45:25, 2024-11-25 09:45:25
INFO: Data set in session: requested_pages = /images/conso.jpg
INFO: Data set in session: methods = GET
INFO: Data set in session: user_agent = Mozilla/5.0 (Macintosh; Intel Mac OS X 10_15_7) AppleWebKit/537.36 (KHTML, like Gecko) Chrome/131.0.0.0 Safari/537.36
INFO: Parsing OK, handling request for client fd: 13
INFO: Serving static file found at: www/images/conso.jpg
INFO: Returning user: 623c35d4-4c25-44d5-9125-43bbf3f9e47e
INFO: Data set in session: last_access_time = 2024-11-25 09:45:25, 2024-11-25 09:45:25
INFO: Data set in session: requested_pages = /script.js
INFO: Data set in session: methods = GET
INFO: Data set in session: user_agent = Mozilla/5.0 (Macintosh; Intel Mac OS X 10_15_7) AppleWebKit/537.36 (KHTML, like Gecko) Chrome/131.0.0.0 Safari/537.36
INFO: Parsing OK, handling request for client fd: 14
INFO: Serving static file found at: www/script.js
INFO: Accepting new Connection on socket FD: 9
INFO: Response fully sent and connection closed for client FD: 12
INFO: Response fully sent and connection closed for client FD: 13
INFO: Response fully sent and connection closed for client FD: 14
INFO: Full request read.
INFO: Returning user: 623c35d4-4c25-44d5-9125-43bbf3f9e47e
INFO: Data set in session: last_access_time = 2024-11-25 09:45:25, 2024-11-25 09:45:25
INFO: Data set in session: requested_pages = /images/fume.jpg
INFO: Data set in session: methods = GET
INFO: Data set in session: user_agent = Mozilla/5.0 (Macintosh; Intel Mac OS X 10_15_7) AppleWebKit/537.36 (KHTML, like Gecko) Chrome/131.0.0.0 Safari/537.36
INFO: Parsing OK, handling request for client fd: 11
INFO: Serving static file found at: www/images/fume.jpg
INFO: Response fully sent and connection closed for client FD: 11
INFO: Accepting new Connection on socket FD: 9
INFO: Accepting new Connection on socket FD: 9
INFO: Full request read.
INFO: Returning user: 623c35d4-4c25-44d5-9125-43bbf3f9e47e
INFO: Data set in session: last_access_time = 2024-11-25 09:45:25, 2024-11-25 09:45:32
INFO: Data set in session: requested_pages = /pages/contact.html
INFO: Data set in session: methods = GET
INFO: Data set in session: user_agent = Mozilla/5.0 (Macintosh; Intel Mac OS X 10_15_7) AppleWebKit/537.36 (KHTML, like Gecko) Chrome/131.0.0.0 Safari/537.36
INFO: Parsing OK, handling request for client fd: 11
INFO: Serving static file found at: www/pages/contact.html
INFO: Response fully sent and connection closed for client FD: 11
INFO: Full request read.
INFO: Returning user: 623c35d4-4c25-44d5-9125-43bbf3f9e47e
INFO: Data set in session: last_access_time = 2024-11-25 09:45:32, 2024-11-25 09:45:32
INFO: Data set in session: requested_pages = /css/style_contact.css
INFO: Data set in session: methods = GET
INFO: Data set in session: user_agent = Mozilla/5.0 (Macintosh; Intel Mac OS X 10_15_7) AppleWebKit/537.36 (KHTML, like Gecko) Chrome/131.0.0.0 Safari/537.36
INFO: Parsing OK, handling request for client fd: 12
INFO: Serving static file found at: www/css/style_contact.css
INFO: Response fully sent and connection closed for client FD: 12
INFO: Accepting new Connection on socket FD: 9
INFO: Accepting new Connection on socket FD: 9
INFO: Full request read.
INFO: Returning user: 623c35d4-4c25-44d5-9125-43bbf3f9e47e
INFO: Data set in session: last_access_time = 2024-11-25 09:45:32, 2024-11-25 09:45:37
INFO: Data set in session: requested_pages = /cgi-bin/contact.php
INFO: Data set in session: methods = POST
INFO: Data set in session: user_agent = Mozilla/5.0 (Macintosh; Intel Mac OS X 10_15_7) AppleWebKit/537.36 (KHTML, like Gecko) Chrome/131.0.0.0 Safari/537.36
INFO: Parsing OK, handling request for client fd: 11
INFO: POST request to static resource.
INFO: Response fully sent and connection closed for client FD: 11
INFO: Connection timed out for client FD: 12
INFO: Response fully sent and connection closed for client FD: 12
INFO: Signal received, stopping the server...
