INFO: Starting Program logs at : 20241125_153340
INFO: Starting main
DEBUG: Default configuration file loaded : config/server.conf
DEBUG: Set client_max_body_size to 1048576 in server config
DEBUG: Set autoindex to off in server config
DEBUG:  Loaded CGI extension from location: .sh
DEBUG:  Loaded CGI extension from location: .php
DEBUG:  Loaded CGI extension from location: .cgi
DEBUG: Set autoindex to on in location /images
DEBUG: Set client_max_body_size to 1048576 in location /uploads
DEBUG: Set uploadOn to on in location /uploads
DEBUG: Set autoindex to on in location /uploads
DEBUG: Set autoindex to on in location /img
DEBUG: Loaded CGI extension from location: .cgi
DEBUG: Loaded CGI extension from location: .php
DEBUG: Loaded CGI extension from location: .sh
DEBUG: Config file successfully parsed
INFO: 2 servers successfully configured
INFO: Server configuration is valid.
INFO: Socket 9 successfully bound to port 8080
DEBUG: listen() returned: 0
INFO: Socket 9 is now listening on port 8080
INFO: Server launched, listening on port: 8080
INFO: Server configuration is valid.
INFO: Socket 10 successfully bound to port 8081
DEBUG: listen() returned: 0
INFO: Socket 10 is now listening on port 8081
INFO: Server launched, listening on port: 8081
INFO: Accepting new Connection on socket FD: 9
DEBUG: New pollfd added for client with FD: 11 accepted on server FD: 9
INFO: Accepting new Connection on socket FD: 9
DEBUG: New pollfd added for client with FD: 12 accepted on server FD: 9
INFO: Full request read.
INFO: Returning user: 623c35d4-4c25-44d5-9125-43bbf3f9e47e
INFO: Data set in session: last_access_time = 2024-11-25 09:47:50, 2024-11-25 15:33:46
INFO: Data set in session: requested_pages = /index.html
INFO: Data set in session: methods = GET
INFO: Data set in session: user_agent = Mozilla/5.0 (Macintosh; Intel Mac OS X 10_15_7) AppleWebKit/537.36 (KHTML, like Gecko) Chrome/131.0.0.0 Safari/537.36
INFO: Parsing OK, handling request for client fd: 11
DEBUG: handleGetOrPostRequest: fullPath = www/index.html
DEBUG: hasCgiExtension: No matching CGI extension for path www/index.html

DEBUG: Serving static file for path: www/index.html
INFO: Serving static file found at: www/index.html
DEBUG: Set-Cookie header: 
INFO: Response fully sent and connection closed for client FD: 11
INFO: Accepting new Connection on socket FD: 9
DEBUG: New pollfd added for client with FD: 11 accepted on server FD: 9
INFO: Accepting new Connection on socket FD: 9
DEBUG: New pollfd added for client with FD: 13 accepted on server FD: 9
INFO: Full request read.
INFO: Returning user: 623c35d4-4c25-44d5-9125-43bbf3f9e47e
INFO: Data set in session: last_access_time = 2024-11-25 15:33:46, 2024-11-25 15:33:46
INFO: Data set in session: requested_pages = /css/style.css
INFO: Data set in session: methods = GET
INFO: Data set in session: user_agent = Mozilla/5.0 (Macintosh; Intel Mac OS X 10_15_7) AppleWebKit/537.36 (KHTML, like Gecko) Chrome/131.0.0.0 Safari/537.36
INFO: Parsing OK, handling request for client fd: 12
DEBUG: handleGetOrPostRequest: fullPath = www/css/style.css
DEBUG: hasCgiExtension: No matching CGI extension for path www/css/style.css

DEBUG: Serving static file for path: www/css/style.css
INFO: Serving static file found at: www/css/style.css
DEBUG: Set-Cookie header: 
INFO: Accepting new Connection on socket FD: 9
DEBUG: New pollfd added for client with FD: 14 accepted on server FD: 9
INFO: Response fully sent and connection closed for client FD: 12
INFO: Full request read.
[ 0 similar lines hidden ]
INFO: Full request read.
INFO: Returning user: 623c35d4-4c25-44d5-9125-43bbf3f9e47e
INFO: Data set in session: last_access_time = 2024-11-25 15:33:46, 2024-11-25 15:33:46
INFO: Data set in session: requested_pages = /images/fleur.jpg
INFO: Data set in session: methods = GET
INFO: Data set in session: user_agent = Mozilla/5.0 (Macintosh; Intel Mac OS X 10_15_7) AppleWebKit/537.36 (KHTML, like Gecko) Chrome/131.0.0.0 Safari/537.36
INFO: Parsing OK, handling request for client fd: 11
DEBUG: handleGetOrPostRequest: fullPath = www/images/fleur.jpg
DEBUG: hasCgiExtension: No matching CGI extension for path www/images/fleur.jpg

DEBUG: Serving static file for path: www/images/fleur.jpg
INFO: Serving static file found at: www/images/fleur.jpg
DEBUG: Set-Cookie header: 
INFO: Returning user: 623c35d4-4c25-44d5-9125-43bbf3f9e47e
INFO: Data set in session: last_access_time = 2024-11-25 15:33:46, 2024-11-25 15:33:46
INFO: Data set in session: requested_pages = /images/recolte.avif
INFO: Data set in session: methods = GET
INFO: Data set in session: user_agent = Mozilla/5.0 (Macintosh; Intel Mac OS X 10_15_7) AppleWebKit/537.36 (KHTML, like Gecko) Chrome/131.0.0.0 Safari/537.36
INFO: Parsing OK, handling request for client fd: 13
DEBUG: handleGetOrPostRequest: fullPath = www/images/recolte.avif
DEBUG: hasCgiExtension: No matching CGI extension for path www/images/recolte.avif

DEBUG: Serving static file for path: www/images/recolte.avif
INFO: Serving static file found at: www/images/recolte.avif
DEBUG: Set-Cookie header: 
INFO: Response fully sent and connection closed for client FD: 11
INFO: Response fully sent and connection closed for client FD: 13
INFO: Full request read.
INFO: Returning user: 623c35d4-4c25-44d5-9125-43bbf3f9e47e
INFO: Data set in session: last_access_time = 2024-11-25 15:33:46, 2024-11-25 15:33:46
INFO: Data set in session: requested_pages = /script.js
INFO: Data set in session: methods = GET
INFO: Data set in session: user_agent = Mozilla/5.0 (Macintosh; Intel Mac OS X 10_15_7) AppleWebKit/537.36 (KHTML, like Gecko) Chrome/131.0.0.0 Safari/537.36
INFO: Parsing OK, handling request for client fd: 14
DEBUG: handleGetOrPostRequest: fullPath = www/script.js
DEBUG: hasCgiExtension: No matching CGI extension for path www/script.js

DEBUG: Serving static file for path: www/script.js
INFO: Serving static file found at: www/script.js
DEBUG: Set-Cookie header: 
INFO: Response fully sent and connection closed for client FD: 14
INFO: Accepting new Connection on socket FD: 9
DEBUG: New pollfd added for client with FD: 11 accepted on server FD: 9
INFO: Full request read.
INFO: Returning user: 623c35d4-4c25-44d5-9125-43bbf3f9e47e
INFO: Data set in session: last_access_time = 2024-11-25 15:33:46, 2024-11-25 15:33:46
INFO: Data set in session: requested_pages = /images/conso.jpg
INFO: Data set in session: methods = GET
INFO: Data set in session: user_agent = Mozilla/5.0 (Macintosh; Intel Mac OS X 10_15_7) AppleWebKit/537.36 (KHTML, like Gecko) Chrome/131.0.0.0 Safari/537.36
INFO: Parsing OK, handling request for client fd: 11
DEBUG: handleGetOrPostRequest: fullPath = www/images/conso.jpg
DEBUG: hasCgiExtension: No matching CGI extension for path www/images/conso.jpg

DEBUG: Serving static file for path: www/images/conso.jpg
INFO: Serving static file found at: www/images/conso.jpg
DEBUG: Set-Cookie header: 
INFO: Accepting new Connection on socket FD: 9
DEBUG: New pollfd added for client with FD: 12 accepted on server FD: 9
INFO: Response fully sent and connection closed for client FD: 11
INFO: Full request read.
INFO: Returning user: 623c35d4-4c25-44d5-9125-43bbf3f9e47e
INFO: Data set in session: last_access_time = 2024-11-25 15:33:46, 2024-11-25 15:33:46
INFO: Data set in session: requested_pages = /images/fume.jpg
INFO: Data set in session: methods = GET
INFO: Data set in session: user_agent = Mozilla/5.0 (Macintosh; Intel Mac OS X 10_15_7) AppleWebKit/537.36 (KHTML, like Gecko) Chrome/131.0.0.0 Safari/537.36
INFO: Parsing OK, handling request for client fd: 12
DEBUG: handleGetOrPostRequest: fullPath = www/images/fume.jpg
DEBUG: hasCgiExtension: No matching CGI extension for path www/images/fume.jpg

DEBUG: Serving static file for path: www/images/fume.jpg
INFO: Serving static file found at: www/images/fume.jpg
DEBUG: Set-Cookie header: 
INFO: Response fully sent and connection closed for client FD: 12
INFO: Accepting new Connection on socket FD: 9
DEBUG: New pollfd added for client with FD: 11 accepted on server FD: 9
INFO: Full request read.
INFO: Returning user: 623c35d4-4c25-44d5-9125-43bbf3f9e47e
INFO: Data set in session: last_access_time = 2024-11-25 15:33:46, 2024-11-25 15:33:46
INFO: Data set in session: requested_pages = /favicon.ico
INFO: Data set in session: methods = GET
INFO: Data set in session: user_agent = Mozilla/5.0 (Macintosh; Intel Mac OS X 10_15_7) AppleWebKit/537.36 (KHTML, like Gecko) Chrome/131.0.0.0 Safari/537.36
INFO: Parsing OK, handling request for client fd: 11
DEBUG: handleGetOrPostRequest: fullPath = www/favicon.ico
DEBUG: hasCgiExtension: No matching CGI extension for path www/favicon.ico

DEBUG: Serving static file for path: www/favicon.ico
INFO: Serving static file found at: www/favicon.ico
DEBUG: Set-Cookie header: 
INFO: Response fully sent and connection closed for client FD: 11
INFO: Accepting new Connection on socket FD: 9
DEBUG: New pollfd added for client with FD: 11 accepted on server FD: 9
INFO: Accepting new Connection on socket FD: 9
DEBUG: New pollfd added for client with FD: 12 accepted on server FD: 9
INFO: Full request read.
INFO: Returning user: 623c35d4-4c25-44d5-9125-43bbf3f9e47e
INFO: Data set in session: last_access_time = 2024-11-25 15:33:46, 2024-11-25 15:33:47
INFO: Data set in session: requested_pages = /pages/apropos.html
INFO: Data set in session: methods = GET
INFO: Data set in session: user_agent = Mozilla/5.0 (Macintosh; Intel Mac OS X 10_15_7) AppleWebKit/537.36 (KHTML, like Gecko) Chrome/131.0.0.0 Safari/537.36
INFO: Parsing OK, handling request for client fd: 11
DEBUG: handleGetOrPostRequest: fullPath = www/pages/apropos.html
DEBUG: hasCgiExtension: No matching CGI extension for path www/pages/apropos.html

DEBUG: Serving static file for path: www/pages/apropos.html
INFO: Serving static file found at: www/pages/apropos.html
DEBUG: Set-Cookie header: 
INFO: Response fully sent and connection closed for client FD: 11
INFO: Full request read.
INFO: Returning user: 623c35d4-4c25-44d5-9125-43bbf3f9e47e
INFO: Data set in session: last_access_time = 2024-11-25 15:33:47, 2024-11-25 15:33:47
INFO: Data set in session: requested_pages = /css/style_apropos.css
INFO: Data set in session: methods = GET
INFO: Data set in session: user_agent = Mozilla/5.0 (Macintosh; Intel Mac OS X 10_15_7) AppleWebKit/537.36 (KHTML, like Gecko) Chrome/131.0.0.0 Safari/537.36
INFO: Parsing OK, handling request for client fd: 12
DEBUG: handleGetOrPostRequest: fullPath = www/css/style_apropos.css
DEBUG: hasCgiExtension: No matching CGI extension for path www/css/style_apropos.css

DEBUG: Serving static file for path: www/css/style_apropos.css
INFO: Serving static file found at: www/css/style_apropos.css
DEBUG: Set-Cookie header: 
INFO: Response fully sent and connection closed for client FD: 12
INFO: Accepting new Connection on socket FD: 9
DEBUG: New pollfd added for client with FD: 11 accepted on server FD: 9
INFO: Accepting new Connection on socket FD: 9
DEBUG: New pollfd added for client with FD: 12 accepted on server FD: 9
INFO: Full request read.
INFO: Returning user: 623c35d4-4c25-44d5-9125-43bbf3f9e47e
INFO: Data set in session: last_access_time = 2024-11-25 15:33:47, 2024-11-25 15:33:47
INFO: Data set in session: requested_pages = /images/tgibert.jpg
INFO: Data set in session: methods = GET
INFO: Data set in session: user_agent = Mozilla/5.0 (Macintosh; Intel Mac OS X 10_15_7) AppleWebKit/537.36 (KHTML, like Gecko) Chrome/131.0.0.0 Safari/537.36
INFO: Parsing OK, handling request for client fd: 11
DEBUG: handleGetOrPostRequest: fullPath = www/images/tgibert.jpg
DEBUG: hasCgiExtension: No matching CGI extension for path www/images/tgibert.jpg

DEBUG: Serving static file for path: www/images/tgibert.jpg
INFO: Serving static file found at: www/images/tgibert.jpg
DEBUG: Set-Cookie header: 
INFO: Response fully sent and connection closed for client FD: 11
INFO: Full request read.
INFO: Returning user: 623c35d4-4c25-44d5-9125-43bbf3f9e47e
INFO: Data set in session: last_access_time = 2024-11-25 15:33:47, 2024-11-25 15:33:47
INFO: Data set in session: requested_pages = /images/anporced.jpg
INFO: Data set in session: methods = GET
INFO: Data set in session: user_agent = Mozilla/5.0 (Macintosh; Intel Mac OS X 10_15_7) AppleWebKit/537.36 (KHTML, like Gecko) Chrome/131.0.0.0 Safari/537.36
INFO: Parsing OK, handling request for client fd: 12
DEBUG: handleGetOrPostRequest: fullPath = www/images/anporced.jpg
DEBUG: hasCgiExtension: No matching CGI extension for path www/images/anporced.jpg

DEBUG: Serving static file for path: www/images/anporced.jpg
INFO: Serving static file found at: www/images/anporced.jpg
DEBUG: Set-Cookie header: 
INFO: Response fully sent and connection closed for client FD: 12
INFO: Accepting new Connection on socket FD: 9
DEBUG: New pollfd added for client with FD: 11 accepted on server FD: 9
INFO: Full request read.
INFO: Returning user: 623c35d4-4c25-44d5-9125-43bbf3f9e47e
INFO: Data set in session: last_access_time = 2024-11-25 15:33:47, 2024-11-25 15:33:47
INFO: Data set in session: requested_pages = /images/jeza.jpg
INFO: Data set in session: methods = GET
INFO: Data set in session: user_agent = Mozilla/5.0 (Macintosh; Intel Mac OS X 10_15_7) AppleWebKit/537.36 (KHTML, like Gecko) Chrome/131.0.0.0 Safari/537.36
INFO: Parsing OK, handling request for client fd: 11
DEBUG: handleGetOrPostRequest: fullPath = www/images/jeza.jpg
DEBUG: hasCgiExtension: No matching CGI extension for path www/images/jeza.jpg

DEBUG: Serving static file for path: www/images/jeza.jpg
INFO: Serving static file found at: www/images/jeza.jpg
DEBUG: Set-Cookie header: 
INFO: Response fully sent and connection closed for client FD: 11
INFO: Accepting new Connection on socket FD: 9
DEBUG: New pollfd added for client with FD: 11 accepted on server FD: 9
INFO: Accepting new Connection on socket FD: 9
DEBUG: New pollfd added for client with FD: 12 accepted on server FD: 9
INFO: Full request read.
INFO: Returning user: 623c35d4-4c25-44d5-9125-43bbf3f9e47e
INFO: Data set in session: last_access_time = 2024-11-25 15:33:47, 2024-11-25 15:33:52
INFO: Data set in session: requested_pages = /pages/contact.html
INFO: Data set in session: methods = GET
INFO: Data set in session: user_agent = Mozilla/5.0 (Macintosh; Intel Mac OS X 10_15_7) AppleWebKit/537.36 (KHTML, like Gecko) Chrome/131.0.0.0 Safari/537.36
INFO: Parsing OK, handling request for client fd: 11
DEBUG: handleGetOrPostRequest: fullPath = www/pages/contact.html
DEBUG: hasCgiExtension: No matching CGI extension for path www/pages/contact.html

DEBUG: Serving static file for path: www/pages/contact.html
INFO: Serving static file found at: www/pages/contact.html
DEBUG: Set-Cookie header: 
INFO: Response fully sent and connection closed for client FD: 11
INFO: Full request read.
INFO: Returning user: 623c35d4-4c25-44d5-9125-43bbf3f9e47e
INFO: Data set in session: last_access_time = 2024-11-25 15:33:52, 2024-11-25 15:33:52
INFO: Data set in session: requested_pages = /css/style_contact.css
INFO: Data set in session: methods = GET
INFO: Data set in session: user_agent = Mozilla/5.0 (Macintosh; Intel Mac OS X 10_15_7) AppleWebKit/537.36 (KHTML, like Gecko) Chrome/131.0.0.0 Safari/537.36
INFO: Parsing OK, handling request for client fd: 12
DEBUG: handleGetOrPostRequest: fullPath = www/css/style_contact.css
DEBUG: hasCgiExtension: No matching CGI extension for path www/css/style_contact.css

DEBUG: Serving static file for path: www/css/style_contact.css
INFO: Serving static file found at: www/css/style_contact.css
DEBUG: Set-Cookie header: 
INFO: Response fully sent and connection closed for client FD: 12
INFO: Accepting new Connection on socket FD: 9
DEBUG: New pollfd added for client with FD: 11 accepted on server FD: 9
INFO: Accepting new Connection on socket FD: 9
DEBUG: New pollfd added for client with FD: 12 accepted on server FD: 9
INFO: Full request read.
INFO: Returning user: 623c35d4-4c25-44d5-9125-43bbf3f9e47e
INFO: Data set in session: last_access_time = 2024-11-25 15:33:52, 2024-11-25 15:33:58
INFO: Data set in session: requested_pages = /cgi-bin/contact.php
INFO: Data set in session: methods = POST
INFO: Data set in session: user_agent = Mozilla/5.0 (Macintosh; Intel Mac OS X 10_15_7) AppleWebKit/537.36 (KHTML, like Gecko) Chrome/131.0.0.0 Safari/537.36
INFO: Parsing OK, handling request for client fd: 11
DEBUG: handleGetOrPostRequest: fullPath = www/cgi-bin/contact.php
DEBUG: CGI extension detected for path: www/cgi-bin/contact.php
INFO: Connection timed out for client FD: 12
DEBUG: path for error sorry gif : images/5-sorry.gif
INFO: Response fully sent and connection closed for client FD: 12
INFO: Signal received, stopping the server...
