INFO: Starting Program logs at : 20241125_153340
INFO: Starting main
INFO: 2 servers successfully configured
INFO: Server configuration is valid.
INFO: Socket 9 successfully bound to port 8080
INFO: Socket 9 is now listening on port 8080
INFO: Server launched, listening on port: 8080
INFO: Server configuration is valid.
INFO: Socket 10 successfully bound to port 8081
INFO: Socket 10 is now listening on port 8081
INFO: Server launched, listening on port: 8081
INFO: Accepting new Connection on socket FD: 9
INFO: Accepting new Connection on socket FD: 9
INFO: Full request read.
INFO: Returning user: 623c35d4-4c25-44d5-9125-43bbf3f9e47e
INFO: Data set in session: last_access_time = 2024-11-25 09:47:50, 2024-11-25 15:33:46
INFO: Data set in session: requested_pages = /index.html
INFO: Data set in session: methods = GET
INFO: Data set in session: user_agent = Mozilla/5.0 (Macintosh; Intel Mac OS X 10_15_7) AppleWebKit/537.36 (KHTML, like Gecko) Chrome/131.0.0.0 Safari/537.36
INFO: Parsing OK, handling request for client fd: 11
INFO: Serving static file found at: www/index.html
INFO: Response fully sent and connection closed for client FD: 11
INFO: Accepting new Connection on socket FD: 9
INFO: Accepting new Connection on socket FD: 9
INFO: Full request read.
INFO: Returning user: 623c35d4-4c25-44d5-9125-43bbf3f9e47e
INFO: Data set in session: last_access_time = 2024-11-25 15:33:46, 2024-11-25 15:33:46
INFO: Data set in session: requested_pages = /css/style.css
INFO: Data set in session: methods = GET
INFO: Data set in session: user_agent = Mozilla/5.0 (Macintosh; Intel Mac OS X 10_15_7) AppleWebKit/537.36 (KHTML, like Gecko) Chrome/131.0.0.0 Safari/537.36
INFO: Parsing OK, handling request for client fd: 12
INFO: Serving static file found at: www/css/style.css
INFO: Accepting new Connection on socket FD: 9
INFO: Response fully sent and connection closed for client FD: 12
INFO: Full request read.
[ 0 similar lines hidden ]
INFO: Full request read.
INFO: Returning user: 623c35d4-4c25-44d5-9125-43bbf3f9e47e
INFO: Data set in session: last_access_time = 2024-11-25 15:33:46, 2024-11-25 15:33:46
INFO: Data set in session: requested_pages = /images/fleur.jpg
INFO: Data set in session: methods = GET
INFO: Data set in session: user_agent = Mozilla/5.0 (Macintosh; Intel Mac OS X 10_15_7) AppleWebKit/537.36 (KHTML, like Gecko) Chrome/131.0.0.0 Safari/537.36
INFO: Parsing OK, handling request for client fd: 11
INFO: Serving static file found at: www/images/fleur.jpg
INFO: Returning user: 623c35d4-4c25-44d5-9125-43bbf3f9e47e
INFO: Data set in session: last_access_time = 2024-11-25 15:33:46, 2024-11-25 15:33:46
INFO: Data set in session: requested_pages = /images/recolte.avif
INFO: Data set in session: methods = GET
INFO: Data set in session: user_agent = Mozilla/5.0 (Macintosh; Intel Mac OS X 10_15_7) AppleWebKit/537.36 (KHTML, like Gecko) Chrome/131.0.0.0 Safari/537.36
INFO: Parsing OK, handling request for client fd: 13
INFO: Serving static file found at: www/images/recolte.avif
INFO: Response fully sent and connection closed for client FD: 11
INFO: Response fully sent and connection closed for client FD: 13
INFO: Full request read.
INFO: Returning user: 623c35d4-4c25-44d5-9125-43bbf3f9e47e
INFO: Data set in session: last_access_time = 2024-11-25 15:33:46, 2024-11-25 15:33:46
INFO: Data set in session: requested_pages = /script.js
INFO: Data set in session: methods = GET
INFO: Data set in session: user_agent = Mozilla/5.0 (Macintosh; Intel Mac OS X 10_15_7) AppleWebKit/537.36 (KHTML, like Gecko) Chrome/131.0.0.0 Safari/537.36
INFO: Parsing OK, handling request for client fd: 14
INFO: Serving static file found at: www/script.js
INFO: Response fully sent and connection closed for client FD: 14
INFO: Accepting new Connection on socket FD: 9
INFO: Full request read.
INFO: Returning user: 623c35d4-4c25-44d5-9125-43bbf3f9e47e
INFO: Data set in session: last_access_time = 2024-11-25 15:33:46, 2024-11-25 15:33:46
INFO: Data set in session: requested_pages = /images/conso.jpg
INFO: Data set in session: methods = GET
INFO: Data set in session: user_agent = Mozilla/5.0 (Macintosh; Intel Mac OS X 10_15_7) AppleWebKit/537.36 (KHTML, like Gecko) Chrome/131.0.0.0 Safari/537.36
INFO: Parsing OK, handling request for client fd: 11
INFO: Serving static file found at: www/images/conso.jpg
INFO: Accepting new Connection on socket FD: 9
INFO: Response fully sent and connection closed for client FD: 11
INFO: Full request read.
INFO: Returning user: 623c35d4-4c25-44d5-9125-43bbf3f9e47e
INFO: Data set in session: last_access_time = 2024-11-25 15:33:46, 2024-11-25 15:33:46
INFO: Data set in session: requested_pages = /images/fume.jpg
INFO: Data set in session: methods = GET
INFO: Data set in session: user_agent = Mozilla/5.0 (Macintosh; Intel Mac OS X 10_15_7) AppleWebKit/537.36 (KHTML, like Gecko) Chrome/131.0.0.0 Safari/537.36
INFO: Parsing OK, handling request for client fd: 12
INFO: Serving static file found at: www/images/fume.jpg
INFO: Response fully sent and connection closed for client FD: 12
INFO: Accepting new Connection on socket FD: 9
INFO: Full request read.
INFO: Returning user: 623c35d4-4c25-44d5-9125-43bbf3f9e47e
INFO: Data set in session: last_access_time = 2024-11-25 15:33:46, 2024-11-25 15:33:46
INFO: Data set in session: requested_pages = /favicon.ico
INFO: Data set in session: methods = GET
INFO: Data set in session: user_agent = Mozilla/5.0 (Macintosh; Intel Mac OS X 10_15_7) AppleWebKit/537.36 (KHTML, like Gecko) Chrome/131.0.0.0 Safari/537.36
INFO: Parsing OK, handling request for client fd: 11
INFO: Serving static file found at: www/favicon.ico
INFO: Response fully sent and connection closed for client FD: 11
INFO: Accepting new Connection on socket FD: 9
INFO: Accepting new Connection on socket FD: 9
INFO: Full request read.
INFO: Returning user: 623c35d4-4c25-44d5-9125-43bbf3f9e47e
INFO: Data set in session: last_access_time = 2024-11-25 15:33:46, 2024-11-25 15:33:47
INFO: Data set in session: requested_pages = /pages/apropos.html
INFO: Data set in session: methods = GET
INFO: Data set in session: user_agent = Mozilla/5.0 (Macintosh; Intel Mac OS X 10_15_7) AppleWebKit/537.36 (KHTML, like Gecko) Chrome/131.0.0.0 Safari/537.36
INFO: Parsing OK, handling request for client fd: 11
INFO: Serving static file found at: www/pages/apropos.html
INFO: Response fully sent and connection closed for client FD: 11
INFO: Full request read.
INFO: Returning user: 623c35d4-4c25-44d5-9125-43bbf3f9e47e
INFO: Data set in session: last_access_time = 2024-11-25 15:33:47, 2024-11-25 15:33:47
INFO: Data set in session: requested_pages = /css/style_apropos.css
INFO: Data set in session: methods = GET
INFO: Data set in session: user_agent = Mozilla/5.0 (Macintosh; Intel Mac OS X 10_15_7) AppleWebKit/537.36 (KHTML, like Gecko) Chrome/131.0.0.0 Safari/537.36
INFO: Parsing OK, handling request for client fd: 12
INFO: Serving static file found at: www/css/style_apropos.css
INFO: Response fully sent and connection closed for client FD: 12
INFO: Accepting new Connection on socket FD: 9
INFO: Accepting new Connection on socket FD: 9
INFO: Full request read.
INFO: Returning user: 623c35d4-4c25-44d5-9125-43bbf3f9e47e
INFO: Data set in session: last_access_time = 2024-11-25 15:33:47, 2024-11-25 15:33:47
INFO: Data set in session: requested_pages = /images/tgibert.jpg
INFO: Data set in session: methods = GET
INFO: Data set in session: user_agent = Mozilla/5.0 (Macintosh; Intel Mac OS X 10_15_7) AppleWebKit/537.36 (KHTML, like Gecko) Chrome/131.0.0.0 Safari/537.36
INFO: Parsing OK, handling request for client fd: 11
INFO: Serving static file found at: www/images/tgibert.jpg
INFO: Response fully sent and connection closed for client FD: 11
INFO: Full request read.
INFO: Returning user: 623c35d4-4c25-44d5-9125-43bbf3f9e47e
INFO: Data set in session: last_access_time = 2024-11-25 15:33:47, 2024-11-25 15:33:47
INFO: Data set in session: requested_pages = /images/anporced.jpg
INFO: Data set in session: methods = GET
INFO: Data set in session: user_agent = Mozilla/5.0 (Macintosh; Intel Mac OS X 10_15_7) AppleWebKit/537.36 (KHTML, like Gecko) Chrome/131.0.0.0 Safari/537.36
INFO: Parsing OK, handling request for client fd: 12
INFO: Serving static file found at: www/images/anporced.jpg
INFO: Response fully sent and connection closed for client FD: 12
INFO: Accepting new Connection on socket FD: 9
INFO: Full request read.
INFO: Returning user: 623c35d4-4c25-44d5-9125-43bbf3f9e47e
INFO: Data set in session: last_access_time = 2024-11-25 15:33:47, 2024-11-25 15:33:47
INFO: Data set in session: requested_pages = /images/jeza.jpg
INFO: Data set in session: methods = GET
INFO: Data set in session: user_agent = Mozilla/5.0 (Macintosh; Intel Mac OS X 10_15_7) AppleWebKit/537.36 (KHTML, like Gecko) Chrome/131.0.0.0 Safari/537.36
INFO: Parsing OK, handling request for client fd: 11
INFO: Serving static file found at: www/images/jeza.jpg
INFO: Response fully sent and connection closed for client FD: 11
INFO: Accepting new Connection on socket FD: 9
INFO: Accepting new Connection on socket FD: 9
INFO: Full request read.
INFO: Returning user: 623c35d4-4c25-44d5-9125-43bbf3f9e47e
INFO: Data set in session: last_access_time = 2024-11-25 15:33:47, 2024-11-25 15:33:52
INFO: Data set in session: requested_pages = /pages/contact.html
INFO: Data set in session: methods = GET
INFO: Data set in session: user_agent = Mozilla/5.0 (Macintosh; Intel Mac OS X 10_15_7) AppleWebKit/537.36 (KHTML, like Gecko) Chrome/131.0.0.0 Safari/537.36
INFO: Parsing OK, handling request for client fd: 11
INFO: Serving static file found at: www/pages/contact.html
INFO: Response fully sent and connection closed for client FD: 11
INFO: Full request read.
INFO: Returning user: 623c35d4-4c25-44d5-9125-43bbf3f9e47e
INFO: Data set in session: last_access_time = 2024-11-25 15:33:52, 2024-11-25 15:33:52
INFO: Data set in session: requested_pages = /css/style_contact.css
INFO: Data set in session: methods = GET
INFO: Data set in session: user_agent = Mozilla/5.0 (Macintosh; Intel Mac OS X 10_15_7) AppleWebKit/537.36 (KHTML, like Gecko) Chrome/131.0.0.0 Safari/537.36
INFO: Parsing OK, handling request for client fd: 12
INFO: Serving static file found at: www/css/style_contact.css
INFO: Response fully sent and connection closed for client FD: 12
INFO: Accepting new Connection on socket FD: 9
INFO: Accepting new Connection on socket FD: 9
INFO: Full request read.
INFO: Returning user: 623c35d4-4c25-44d5-9125-43bbf3f9e47e
INFO: Data set in session: last_access_time = 2024-11-25 15:33:52, 2024-11-25 15:33:58
INFO: Data set in session: requested_pages = /cgi-bin/contact.php
INFO: Data set in session: methods = POST
INFO: Data set in session: user_agent = Mozilla/5.0 (Macintosh; Intel Mac OS X 10_15_7) AppleWebKit/537.36 (KHTML, like Gecko) Chrome/131.0.0.0 Safari/537.36
INFO: Parsing OK, handling request for client fd: 11
INFO: Connection timed out for client FD: 12
INFO: Response fully sent and connection closed for client FD: 12
INFO: Signal received, stopping the server...
