INFO: Starting Program logs at : 20241125_094738
INFO: Starting main
DEBUG: Default configuration file loaded : config/server.conf
DEBUG: Set client_max_body_size to 1048576 in server config
DEBUG: Set autoindex to off in server config
DEBUG:  Loaded CGI extension from location: .sh
DEBUG:  Loaded CGI extension from location: .php
DEBUG:  Loaded CGI extension from location: .cgi
DEBUG: Set autoindex to on in location /images
DEBUG: Set client_max_body_size to 1048576 in location /uploads
DEBUG: Set uploadOn to on in location /uploads
DEBUG: Set autoindex to on in location /uploads
DEBUG: Set autoindex to on in location /img
DEBUG: Loaded CGI extension from location: .cgi
DEBUG: Loaded CGI extension from location: .php
DEBUG: Loaded CGI extension from location: .sh
DEBUG: Config file successfully parsed
INFO: 2 servers successfully configured
INFO: Server configuration is valid.
INFO: Socket 9 successfully bound to port 8080
DEBUG: listen() returned: 0
INFO: Socket 9 is now listening on port 8080
INFO: Server launched, listening on port: 8080
INFO: Server configuration is valid.
INFO: Socket 10 successfully bound to port 8081
DEBUG: listen() returned: 0
INFO: Socket 10 is now listening on port 8081
INFO: Server launched, listening on port: 8081
INFO: Accepting new Connection on socket FD: 9
DEBUG: New pollfd added for client with FD: 11 accepted on server FD: 9
INFO: Accepting new Connection on socket FD: 9
DEBUG: New pollfd added for client with FD: 12 accepted on server FD: 9
INFO: Full request read.
INFO: Returning user: 623c35d4-4c25-44d5-9125-43bbf3f9e47e
INFO: Data set in session: last_access_time = 2024-11-25 09:45:37, 2024-11-25 09:47:42
INFO: Data set in session: requested_pages = /cgi-bin/contact.php
INFO: Data set in session: methods = POST
INFO: Data set in session: user_agent = Mozilla/5.0 (Macintosh; Intel Mac OS X 10_15_7) AppleWebKit/537.36 (KHTML, like Gecko) Chrome/131.0.0.0 Safari/537.36
INFO: Parsing OK, handling request for client fd: 11
DEBUG: handleGetOrPostRequest: fullPath = www/cgi-bin/contact.php
DEBUG: CGI extension detected for path: www/cgi-bin/contact.php
INFO: Response fully sent and connection closed for client FD: 11
INFO: Connection timed out for client FD: 12
DEBUG: path for error sorry gif : images/6-sorry.gif
INFO: Response fully sent and connection closed for client FD: 12
INFO: Accepting new Connection on socket FD: 9
DEBUG: New pollfd added for client with FD: 11 accepted on server FD: 9
INFO: Full request read.
INFO: Returning user: 623c35d4-4c25-44d5-9125-43bbf3f9e47e
INFO: Data set in session: last_access_time = 2024-11-25 09:47:42, 2024-11-25 09:47:50
INFO: Data set in session: requested_pages = /cgi-bin/contact.php
INFO: Data set in session: methods = POST
INFO: Data set in session: user_agent = Mozilla/5.0 (Macintosh; Intel Mac OS X 10_15_7) AppleWebKit/537.36 (KHTML, like Gecko) Chrome/131.0.0.0 Safari/537.36
INFO: Parsing OK, handling request for client fd: 11
DEBUG: handleGetOrPostRequest: fullPath = www/cgi-bin/contact.php
DEBUG: CGI extension detected for path: www/cgi-bin/contact.php
INFO: Response fully sent and connection closed for client FD: 11
INFO: Signal received, stopping the server...
